{"/Users/plati/github/Projects/durga-js/durga/lib/misc/decorator.js":{"path":"/Users/plati/github/Projects/durga-js/durga/lib/misc/decorator.js","statementMap":{"0":{"start":{"line":3,"column":11},"end":{"line":3,"column":24}},"1":{"start":{"line":6,"column":14},"end":{"line":6,"column":38}},"2":{"start":{"line":9,"column":0},"end":{"line":56,"column":2}},"3":{"start":{"line":11,"column":31},"end":{"line":11,"column":53}},"4":{"start":{"line":14,"column":2},"end":{"line":14,"column":24}},"5":{"start":{"line":15,"column":2},"end":{"line":15,"column":33}},"6":{"start":{"line":19,"column":2},"end":{"line":19,"column":37}},"7":{"start":{"line":23,"column":2},"end":{"line":27,"column":3}},"8":{"start":{"line":24,"column":3},"end":{"line":24,"column":21}},"9":{"start":{"line":26,"column":3},"end":{"line":26,"column":64}},"10":{"start":{"line":31,"column":2},"end":{"line":31,"column":98}},"11":{"start":{"line":35,"column":2},"end":{"line":44,"column":3}},"12":{"start":{"line":37,"column":3},"end":{"line":41,"column":4}},"13":{"start":{"line":38,"column":4},"end":{"line":38,"column":46}},"14":{"start":{"line":40,"column":4},"end":{"line":40,"column":93}},"15":{"start":{"line":43,"column":3},"end":{"line":43,"column":61}},"16":{"start":{"line":48,"column":2},"end":{"line":49,"column":75}},"17":{"start":{"line":49,"column":27},"end":{"line":49,"column":73}},"18":{"start":{"line":53,"column":2},"end":{"line":53,"column":58}},"19":{"start":{"line":53,"column":41},"end":{"line":53,"column":56}}},"fnMap":{"0":{"name":"(anonymous_0)","decl":{"start":{"line":6,"column":1},"end":{"line":6,"column":2}},"loc":{"start":{"line":6,"column":12},"end":{"line":6,"column":40}}},"1":{"name":"(anonymous_1)","decl":{"start":{"line":11,"column":1},"end":{"line":11,"column":2}},"loc":{"start":{"line":11,"column":29},"end":{"line":11,"column":55}}},"2":{"name":"(anonymous_2)","decl":{"start":{"line":13,"column":1},"end":{"line":13,"column":2}},"loc":{"start":{"line":13,"column":21},"end":{"line":16,"column":2}}},"3":{"name":"(anonymous_3)","decl":{"start":{"line":18,"column":1},"end":{"line":18,"column":2}},"loc":{"start":{"line":18,"column":19},"end":{"line":20,"column":2}}},"4":{"name":"(anonymous_4)","decl":{"start":{"line":22,"column":1},"end":{"line":22,"column":2}},"loc":{"start":{"line":22,"column":18},"end":{"line":28,"column":2}}},"5":{"name":"(anonymous_5)","decl":{"start":{"line":30,"column":1},"end":{"line":30,"column":2}},"loc":{"start":{"line":30,"column":22},"end":{"line":32,"column":2}}},"6":{"name":"(anonymous_6)","decl":{"start":{"line":34,"column":1},"end":{"line":34,"column":2}},"loc":{"start":{"line":34,"column":43},"end":{"line":45,"column":2}}},"7":{"name":"(anonymous_7)","decl":{"start":{"line":47,"column":1},"end":{"line":47,"column":2}},"loc":{"start":{"line":47,"column":28},"end":{"line":50,"column":2}}},"8":{"name":"(anonymous_8)","decl":{"start":{"line":49,"column":9},"end":{"line":49,"column":10}},"loc":{"start":{"line":49,"column":27},"end":{"line":49,"column":73}}},"9":{"name":"(anonymous_9)","decl":{"start":{"line":52,"column":1},"end":{"line":52,"column":2}},"loc":{"start":{"line":52,"column":28},"end":{"line":54,"column":2}}},"10":{"name":"(anonymous_10)","decl":{"start":{"line":53,"column":36},"end":{"line":53,"column":37}},"loc":{"start":{"line":53,"column":41},"end":{"line":53,"column":56}}}},"branchMap":{"0":{"loc":{"start":{"line":15,"column":23},"end":{"line":15,"column":31}},"type":"binary-expr","locations":[{"start":{"line":15,"column":23},"end":{"line":15,"column":25}},{"start":{"line":15,"column":29},"end":{"line":15,"column":31}}]},"1":{"loc":{"start":{"line":23,"column":2},"end":{"line":27,"column":3}},"type":"if","locations":[{"start":{"line":23,"column":2},"end":{"line":27,"column":3}},{"start":{"line":23,"column":2},"end":{"line":27,"column":3}}]},"2":{"loc":{"start":{"line":31,"column":9},"end":{"line":31,"column":97}},"type":"cond-expr","locations":[{"start":{"line":31,"column":47},"end":{"line":31,"column":67}},{"start":{"line":31,"column":71},"end":{"line":31,"column":96}}]},"3":{"loc":{"start":{"line":35,"column":2},"end":{"line":44,"column":3}},"type":"if","locations":[{"start":{"line":35,"column":2},"end":{"line":44,"column":3}},{"start":{"line":35,"column":2},"end":{"line":44,"column":3}}]},"4":{"loc":{"start":{"line":37,"column":3},"end":{"line":41,"column":4}},"type":"if","locations":[{"start":{"line":37,"column":3},"end":{"line":41,"column":4}},{"start":{"line":37,"column":3},"end":{"line":41,"column":4}}]}},"s":{"0":1,"1":1,"2":1,"3":1,"4":145,"5":145,"6":1152,"7":364,"8":363,"9":1,"10":1104,"11":788,"12":787,"13":786,"14":1,"15":1,"16":964,"17":72,"18":140,"19":72},"f":{"0":1,"1":1,"2":145,"3":1152,"4":364,"5":1104,"6":788,"7":964,"8":72,"9":140,"10":72},"b":{"0":[145,2],"1":[363,1],"2":[635,469],"3":[787,1],"4":[786,1]},"_coverageSchema":"332fd63041d2c1bcb487cc26dd0d5f7d97098a6c","hash":"b3ad38b5863d320c7f826832847d70e8568afedf","contentHash":"130da09def108d84df60d8833decbe91_10.1.2"},"/Users/plati/github/Projects/durga-js/durga/lib/misc/hooks.js":{"path":"/Users/plati/github/Projects/durga-js/durga/lib/misc/hooks.js","statementMap":{"0":{"start":{"line":4,"column":25},"end":{"line":4,"column":29}},"1":{"start":{"line":6,"column":0},"end":{"line":37,"column":2}},"2":{"start":{"line":9,"column":2},"end":{"line":9,"column":19}},"3":{"start":{"line":13,"column":2},"end":{"line":13,"column":89}},"4":{"start":{"line":18,"column":2},"end":{"line":21,"column":3}},"5":{"start":{"line":19,"column":3},"end":{"line":19,"column":19}},"6":{"start":{"line":20,"column":3},"end":{"line":20,"column":19}},"7":{"start":{"line":23,"column":14},"end":{"line":23,"column":43}},"8":{"start":{"line":24,"column":2},"end":{"line":27,"column":5}},"9":{"start":{"line":28,"column":2},"end":{"line":28,"column":48}},"10":{"start":{"line":28,"column":23},"end":{"line":28,"column":46}},"11":{"start":{"line":29,"column":2},"end":{"line":29,"column":14}},"12":{"start":{"line":33,"column":14},"end":{"line":33,"column":60}},"13":{"start":{"line":33,"column":53},"end":{"line":33,"column":59}},"14":{"start":{"line":34,"column":2},"end":{"line":34,"column":95}},"15":{"start":{"line":34,"column":35},"end":{"line":34,"column":58}},"16":{"start":{"line":34,"column":48},"end":{"line":34,"column":57}},"17":{"start":{"line":34,"column":90},"end":{"line":34,"column":93}},"18":{"start":{"line":39,"column":0},"end":{"line":39,"column":51}}},"fnMap":{"0":{"name":"(anonymous_0)","decl":{"start":{"line":8,"column":1},"end":{"line":8,"column":2}},"loc":{"start":{"line":8,"column":15},"end":{"line":10,"column":2}}},"1":{"name":"(anonymous_1)","decl":{"start":{"line":12,"column":1},"end":{"line":12,"column":2}},"loc":{"start":{"line":12,"column":26},"end":{"line":14,"column":2}}},"2":{"name":"(anonymous_2)","decl":{"start":{"line":16,"column":1},"end":{"line":16,"column":2}},"loc":{"start":{"line":16,"column":32},"end":{"line":30,"column":2}}},"3":{"name":"(anonymous_3)","decl":{"start":{"line":28,"column":13},"end":{"line":28,"column":14}},"loc":{"start":{"line":28,"column":23},"end":{"line":28,"column":46}}},"4":{"name":"(anonymous_4)","decl":{"start":{"line":32,"column":1},"end":{"line":32,"column":2}},"loc":{"start":{"line":32,"column":16},"end":{"line":35,"column":2}}},"5":{"name":"(anonymous_5)","decl":{"start":{"line":33,"column":48},"end":{"line":33,"column":49}},"loc":{"start":{"line":33,"column":53},"end":{"line":33,"column":59}}},"6":{"name":"(anonymous_6)","decl":{"start":{"line":34,"column":22},"end":{"line":34,"column":23}},"loc":{"start":{"line":34,"column":35},"end":{"line":34,"column":58}}},"7":{"name":"(anonymous_7)","decl":{"start":{"line":34,"column":42},"end":{"line":34,"column":43}},"loc":{"start":{"line":34,"column":48},"end":{"line":34,"column":57}}},"8":{"name":"(anonymous_8)","decl":{"start":{"line":34,"column":84},"end":{"line":34,"column":85}},"loc":{"start":{"line":34,"column":90},"end":{"line":34,"column":93}}}},"branchMap":{"0":{"loc":{"start":{"line":13,"column":9},"end":{"line":13,"column":88}},"type":"cond-expr","locations":[{"start":{"line":13,"column":44},"end":{"line":13,"column":61}},{"start":{"line":13,"column":65},"end":{"line":13,"column":87}}]},"1":{"loc":{"start":{"line":18,"column":2},"end":{"line":21,"column":3}},"type":"if","locations":[{"start":{"line":18,"column":2},"end":{"line":21,"column":3}},{"start":{"line":18,"column":2},"end":{"line":21,"column":3}}]}},"s":{"0":1,"1":1,"2":165,"3":427,"4":383,"5":10,"6":10,"7":383,"8":383,"9":383,"10":382,"11":383,"12":40,"13":108,"14":40,"15":108,"16":108,"17":38,"18":1},"f":{"0":165,"1":427,"2":383,"3":382,"4":40,"5":108,"6":108,"7":108,"8":38},"b":{"0":[292,135],"1":[10,373]},"_coverageSchema":"332fd63041d2c1bcb487cc26dd0d5f7d97098a6c","hash":"75cf5bfa0f1f608b1474e3f3113cc7d04db928ab","contentHash":"4c290af39b620fdd03c76d7f08b503a0_10.1.2"},"/Users/plati/github/Projects/durga-js/durga/lib/misc/handler-provider.js":{"path":"/Users/plati/github/Projects/durga-js/durga/lib/misc/handler-provider.js","statementMap":{"0":{"start":{"line":5,"column":14},"end":{"line":5,"column":44}},"1":{"start":{"line":9,"column":0},"end":{"line":62,"column":2}},"2":{"start":{"line":11,"column":37},"end":{"line":11,"column":65}},"3":{"start":{"line":15,"column":2},"end":{"line":15,"column":19}},"4":{"start":{"line":16,"column":2},"end":{"line":16,"column":53}},"5":{"start":{"line":18,"column":2},"end":{"line":20,"column":3}},"6":{"start":{"line":19,"column":3},"end":{"line":19,"column":52}},"7":{"start":{"line":22,"column":2},"end":{"line":22,"column":27}},"8":{"start":{"line":24,"column":2},"end":{"line":26,"column":3}},"9":{"start":{"line":25,"column":3},"end":{"line":25,"column":82}},"10":{"start":{"line":32,"column":2},"end":{"line":46,"column":3}},"11":{"start":{"line":33,"column":3},"end":{"line":35,"column":4}},"12":{"start":{"line":34,"column":4},"end":{"line":34,"column":66}},"13":{"start":{"line":37,"column":3},"end":{"line":37,"column":59}},"14":{"start":{"line":41,"column":3},"end":{"line":45,"column":4}},"15":{"start":{"line":42,"column":4},"end":{"line":42,"column":28}},"16":{"start":{"line":44,"column":4},"end":{"line":44,"column":60}},"17":{"start":{"line":51,"column":2},"end":{"line":51,"column":26}},"18":{"start":{"line":55,"column":2},"end":{"line":57,"column":3}},"19":{"start":{"line":56,"column":3},"end":{"line":56,"column":76}},"20":{"start":{"line":59,"column":2},"end":{"line":59,"column":34}}},"fnMap":{"0":{"name":"(anonymous_0)","decl":{"start":{"line":5,"column":1},"end":{"line":5,"column":2}},"loc":{"start":{"line":5,"column":12},"end":{"line":5,"column":46}}},"1":{"name":"(anonymous_1)","decl":{"start":{"line":11,"column":1},"end":{"line":11,"column":2}},"loc":{"start":{"line":11,"column":35},"end":{"line":11,"column":67}}},"2":{"name":"(anonymous_2)","decl":{"start":{"line":13,"column":1},"end":{"line":13,"column":2}},"loc":{"start":{"line":13,"column":22},"end":{"line":27,"column":2}}},"3":{"name":"(anonymous_3)","decl":{"start":{"line":29,"column":1},"end":{"line":29,"column":2}},"loc":{"start":{"line":29,"column":21},"end":{"line":48,"column":2}}},"4":{"name":"(anonymous_4)","decl":{"start":{"line":50,"column":1},"end":{"line":50,"column":2}},"loc":{"start":{"line":50,"column":10},"end":{"line":52,"column":2}}},"5":{"name":"(anonymous_5)","decl":{"start":{"line":54,"column":1},"end":{"line":54,"column":2}},"loc":{"start":{"line":54,"column":18},"end":{"line":60,"column":2}}}},"branchMap":{"0":{"loc":{"start":{"line":16,"column":15},"end":{"line":16,"column":52}},"type":"binary-expr","locations":[{"start":{"line":16,"column":15},"end":{"line":16,"column":28}},{"start":{"line":16,"column":32},"end":{"line":16,"column":52}}]},"1":{"loc":{"start":{"line":18,"column":2},"end":{"line":20,"column":3}},"type":"if","locations":[{"start":{"line":18,"column":2},"end":{"line":20,"column":3}},{"start":{"line":18,"column":2},"end":{"line":20,"column":3}}]},"2":{"loc":{"start":{"line":24,"column":2},"end":{"line":26,"column":3}},"type":"if","locations":[{"start":{"line":24,"column":2},"end":{"line":26,"column":3}},{"start":{"line":24,"column":2},"end":{"line":26,"column":3}}]},"3":{"loc":{"start":{"line":32,"column":2},"end":{"line":46,"column":3}},"type":"if","locations":[{"start":{"line":32,"column":2},"end":{"line":46,"column":3}},{"start":{"line":32,"column":2},"end":{"line":46,"column":3}}]},"4":{"loc":{"start":{"line":33,"column":3},"end":{"line":35,"column":4}},"type":"if","locations":[{"start":{"line":33,"column":3},"end":{"line":35,"column":4}},{"start":{"line":33,"column":3},"end":{"line":35,"column":4}}]},"5":{"loc":{"start":{"line":41,"column":3},"end":{"line":45,"column":4}},"type":"if","locations":[{"start":{"line":41,"column":3},"end":{"line":45,"column":4}},{"start":{"line":41,"column":3},"end":{"line":45,"column":4}}]},"6":{"loc":{"start":{"line":55,"column":2},"end":{"line":57,"column":3}},"type":"if","locations":[{"start":{"line":55,"column":2},"end":{"line":57,"column":3}},{"start":{"line":55,"column":2},"end":{"line":57,"column":3}}]}},"s":{"0":1,"1":1,"2":1,"3":376,"4":376,"5":376,"6":1,"7":375,"8":375,"9":1,"10":141,"11":71,"12":2,"13":69,"14":70,"15":31,"16":39,"17":22,"18":7,"19":1,"20":6},"f":{"0":1,"1":1,"2":376,"3":141,"4":22,"5":7},"b":{"0":[376,11],"1":[1,375],"2":[1,374],"3":[71,70],"4":[2,69],"5":[31,39],"6":[1,6]},"_coverageSchema":"332fd63041d2c1bcb487cc26dd0d5f7d97098a6c","hash":"bfcdaf657585cba2ea5fcd15a064b00ea5df0425","contentHash":"2e187600722fba1e530222e39c8dc1b0_10.1.2"},"/Users/plati/github/Projects/durga-js/durga/lib/index.js":{"path":"/Users/plati/github/Projects/durga-js/durga/lib/index.js","statementMap":{"0":{"start":{"line":3,"column":15},"end":{"line":3,"column":34}},"1":{"start":{"line":4,"column":15},"end":{"line":4,"column":34}},"2":{"start":{"line":6,"column":0},"end":{"line":9,"column":2}}},"fnMap":{},"branchMap":{},"s":{"0":1,"1":1,"2":1},"f":{},"b":{},"_coverageSchema":"332fd63041d2c1bcb487cc26dd0d5f7d97098a6c","hash":"a98df67c39983c4e07ab05348138bfa0ab092017","contentHash":"cb2e6778662af0ab49e83d1dc59ed40d_10.1.2"},"/Users/plati/github/Projects/durga-js/durga/lib/server/index.js":{"path":"/Users/plati/github/Projects/durga-js/durga/lib/server/index.js","statementMap":{"0":{"start":{"line":4,"column":19},"end":{"line":4,"column":42}},"1":{"start":{"line":5,"column":18},"end":{"line":5,"column":46}},"2":{"start":{"line":6,"column":14},"end":{"line":6,"column":38}},"3":{"start":{"line":7,"column":17},"end":{"line":7,"column":44}},"4":{"start":{"line":8,"column":15},"end":{"line":8,"column":40}},"5":{"start":{"line":10,"column":11},"end":{"line":10,"column":24}},"6":{"start":{"line":13,"column":27},"end":{"line":13,"column":62}},"7":{"start":{"line":15,"column":23},"end":{"line":21,"column":1}},"8":{"start":{"line":37,"column":2},"end":{"line":37,"column":41}},"9":{"start":{"line":37,"column":34},"end":{"line":37,"column":39}},"10":{"start":{"line":40,"column":2},"end":{"line":42,"column":5}},"11":{"start":{"line":45,"column":2},"end":{"line":45,"column":27}},"12":{"start":{"line":48,"column":2},"end":{"line":48,"column":33}},"13":{"start":{"line":51,"column":2},"end":{"line":51,"column":29}},"14":{"start":{"line":54,"column":2},"end":{"line":57,"column":5}},"15":{"start":{"line":55,"column":16},"end":{"line":55,"column":35}},"16":{"start":{"line":56,"column":3},"end":{"line":56,"column":20}},"17":{"start":{"line":60,"column":2},"end":{"line":62,"column":3}},"18":{"start":{"line":61,"column":3},"end":{"line":61,"column":26}},"19":{"start":{"line":73,"column":2},"end":{"line":73,"column":24}},"20":{"start":{"line":86,"column":2},"end":{"line":90,"column":3}},"21":{"start":{"line":87,"column":3},"end":{"line":87,"column":62}},"22":{"start":{"line":89,"column":3},"end":{"line":89,"column":41}},"23":{"start":{"line":91,"column":2},"end":{"line":91,"column":14}},"24":{"start":{"line":103,"column":2},"end":{"line":103,"column":44}},"25":{"start":{"line":104,"column":2},"end":{"line":104,"column":14}},"26":{"start":{"line":118,"column":2},"end":{"line":118,"column":34}},"27":{"start":{"line":128,"column":19},"end":{"line":128,"column":39}},"28":{"start":{"line":129,"column":2},"end":{"line":129,"column":52}},"29":{"start":{"line":130,"column":2},"end":{"line":130,"column":20}},"30":{"start":{"line":146,"column":2},"end":{"line":150,"column":3}},"31":{"start":{"line":147,"column":3},"end":{"line":149,"column":4}},"32":{"start":{"line":153,"column":2},"end":{"line":153,"column":21}},"33":{"start":{"line":157,"column":2},"end":{"line":157,"column":45}},"34":{"start":{"line":159,"column":2},"end":{"line":159,"column":16}},"35":{"start":{"line":175,"column":2},"end":{"line":175,"column":52}},"36":{"start":{"line":178,"column":2},"end":{"line":192,"column":4}},"37":{"start":{"line":181,"column":3},"end":{"line":181,"column":24}},"38":{"start":{"line":184,"column":3},"end":{"line":190,"column":4}},"39":{"start":{"line":188,"column":10},"end":{"line":188,"column":39}},"40":{"start":{"line":189,"column":11},"end":{"line":189,"column":39}},"41":{"start":{"line":206,"column":19},"end":{"line":206,"column":40}},"42":{"start":{"line":207,"column":2},"end":{"line":207,"column":28}},"43":{"start":{"line":217,"column":2},"end":{"line":217,"column":39}},"44":{"start":{"line":224,"column":0},"end":{"line":224,"column":29}}},"fnMap":{"0":{"name":"(anonymous_0)","decl":{"start":{"line":35,"column":1},"end":{"line":35,"column":2}},"loc":{"start":{"line":35,"column":38},"end":{"line":63,"column":2}}},"1":{"name":"(anonymous_1)","decl":{"start":{"line":37,"column":28},"end":{"line":37,"column":29}},"loc":{"start":{"line":37,"column":34},"end":{"line":37,"column":39}}},"2":{"name":"(anonymous_2)","decl":{"start":{"line":54,"column":38},"end":{"line":54,"column":39}},"loc":{"start":{"line":54,"column":45},"end":{"line":57,"column":3}}},"3":{"name":"(anonymous_3)","decl":{"start":{"line":72,"column":1},"end":{"line":72,"column":2}},"loc":{"start":{"line":72,"column":22},"end":{"line":74,"column":2}}},"4":{"name":"(anonymous_4)","decl":{"start":{"line":85,"column":1},"end":{"line":85,"column":2}},"loc":{"start":{"line":85,"column":24},"end":{"line":92,"column":2}}},"5":{"name":"(anonymous_5)","decl":{"start":{"line":102,"column":1},"end":{"line":102,"column":2}},"loc":{"start":{"line":102,"column":28},"end":{"line":105,"column":2}}},"6":{"name":"(anonymous_6)","decl":{"start":{"line":117,"column":1},"end":{"line":117,"column":2}},"loc":{"start":{"line":117,"column":17},"end":{"line":119,"column":2}}},"7":{"name":"(anonymous_7)","decl":{"start":{"line":127,"column":1},"end":{"line":127,"column":2}},"loc":{"start":{"line":127,"column":20},"end":{"line":131,"column":2}}},"8":{"name":"(anonymous_8)","decl":{"start":{"line":143,"column":1},"end":{"line":143,"column":2}},"loc":{"start":{"line":143,"column":37},"end":{"line":160,"column":2}}},"9":{"name":"(anonymous_9)","decl":{"start":{"line":172,"column":1},"end":{"line":172,"column":2}},"loc":{"start":{"line":172,"column":33},"end":{"line":194,"column":2}}},"10":{"name":"(anonymous_10)","decl":{"start":{"line":178,"column":9},"end":{"line":178,"column":10}},"loc":{"start":{"line":178,"column":18},"end":{"line":192,"column":3}}},"11":{"name":"(anonymous_11)","decl":{"start":{"line":188,"column":4},"end":{"line":188,"column":5}},"loc":{"start":{"line":188,"column":10},"end":{"line":188,"column":39}}},"12":{"name":"(anonymous_12)","decl":{"start":{"line":189,"column":4},"end":{"line":189,"column":5}},"loc":{"start":{"line":189,"column":11},"end":{"line":189,"column":39}}},"13":{"name":"(anonymous_13)","decl":{"start":{"line":205,"column":1},"end":{"line":205,"column":2}},"loc":{"start":{"line":205,"column":40},"end":{"line":208,"column":2}}},"14":{"name":"(anonymous_14)","decl":{"start":{"line":216,"column":1},"end":{"line":216,"column":2}},"loc":{"start":{"line":216,"column":9},"end":{"line":218,"column":2}}}},"branchMap":{"0":{"loc":{"start":{"line":37,"column":17},"end":{"line":37,"column":40}},"type":"binary-expr","locations":[{"start":{"line":37,"column":17},"end":{"line":37,"column":23}},{"start":{"line":37,"column":28},"end":{"line":37,"column":39}}]},"1":{"loc":{"start":{"line":60,"column":2},"end":{"line":62,"column":3}},"type":"if","locations":[{"start":{"line":60,"column":2},"end":{"line":62,"column":3}},{"start":{"line":60,"column":2},"end":{"line":62,"column":3}}]},"2":{"loc":{"start":{"line":86,"column":2},"end":{"line":90,"column":3}},"type":"if","locations":[{"start":{"line":86,"column":2},"end":{"line":90,"column":3}},{"start":{"line":86,"column":2},"end":{"line":90,"column":3}}]},"3":{"loc":{"start":{"line":146,"column":2},"end":{"line":150,"column":3}},"type":"if","locations":[{"start":{"line":146,"column":2},"end":{"line":150,"column":3}},{"start":{"line":146,"column":2},"end":{"line":150,"column":3}}]}},"s":{"0":1,"1":1,"2":1,"3":1,"4":1,"5":1,"6":1,"7":1,"8":120,"9":1,"10":120,"11":120,"12":120,"13":120,"14":120,"15":600,"16":600,"17":120,"18":14,"19":600,"20":1564,"21":602,"22":962,"23":1564,"24":363,"25":363,"26":2,"27":36,"28":36,"29":36,"30":71,"31":54,"32":71,"33":71,"34":71,"35":69,"36":69,"37":32,"38":32,"39":30,"40":2,"41":20,"42":20,"43":1,"44":1},"f":{"0":120,"1":1,"2":600,"3":600,"4":1564,"5":363,"6":2,"7":36,"8":71,"9":69,"10":32,"11":30,"12":2,"13":20,"14":1},"b":{"0":[120,119],"1":[14,106],"2":[602,962],"3":[54,17]},"_coverageSchema":"332fd63041d2c1bcb487cc26dd0d5f7d97098a6c","hash":"35b2858ad27551e427c295c6ba9a41da35980bbd","contentHash":"8b19e9d9923d5bb22b14d66bb62c3224_10.1.2"},"/Users/plati/github/Projects/durga-js/durga/lib/server/connection.js":{"path":"/Users/plati/github/Projects/durga-js/durga/lib/server/connection.js","statementMap":{"0":{"start":{"line":3,"column":14},"end":{"line":3,"column":50}},"1":{"start":{"line":4,"column":21},"end":{"line":4,"column":65}},"2":{"start":{"line":5,"column":13},"end":{"line":5,"column":31}},"3":{"start":{"line":6,"column":14},"end":{"line":6,"column":38}},"4":{"start":{"line":8,"column":0},"end":{"line":84,"column":2}},"5":{"start":{"line":11,"column":2},"end":{"line":11,"column":18}},"6":{"start":{"line":13,"column":2},"end":{"line":13,"column":23}},"7":{"start":{"line":14,"column":2},"end":{"line":14,"column":19}},"8":{"start":{"line":15,"column":2},"end":{"line":15,"column":27}},"9":{"start":{"line":19,"column":2},"end":{"line":19,"column":49}},"10":{"start":{"line":20,"column":2},"end":{"line":20,"column":14}},"11":{"start":{"line":24,"column":2},"end":{"line":24,"column":19}},"12":{"start":{"line":25,"column":2},"end":{"line":25,"column":35}},"13":{"start":{"line":35,"column":2},"end":{"line":35,"column":44}},"14":{"start":{"line":36,"column":2},"end":{"line":36,"column":14}},"15":{"start":{"line":40,"column":2},"end":{"line":43,"column":4}},"16":{"start":{"line":41,"column":3},"end":{"line":41,"column":38}},"17":{"start":{"line":42,"column":3},"end":{"line":42,"column":25}},"18":{"start":{"line":49,"column":2},"end":{"line":51,"column":3}},"19":{"start":{"line":50,"column":3},"end":{"line":50,"column":44}},"20":{"start":{"line":52,"column":2},"end":{"line":52,"column":20}},"21":{"start":{"line":56,"column":12},"end":{"line":56,"column":61}},"22":{"start":{"line":57,"column":2},"end":{"line":57,"column":27}},"23":{"start":{"line":62,"column":16},"end":{"line":62,"column":49}},"24":{"start":{"line":64,"column":2},"end":{"line":67,"column":3}},"25":{"start":{"line":66,"column":3},"end":{"line":66,"column":57}},"26":{"start":{"line":69,"column":16},"end":{"line":69,"column":60}},"27":{"start":{"line":73,"column":2},"end":{"line":79,"column":3}},"28":{"start":{"line":74,"column":3},"end":{"line":78,"column":7}},"29":{"start":{"line":77,"column":5},"end":{"line":77,"column":48}},"30":{"start":{"line":81,"column":2},"end":{"line":81,"column":17}}},"fnMap":{"0":{"name":"(anonymous_0)","decl":{"start":{"line":10,"column":1},"end":{"line":10,"column":2}},"loc":{"start":{"line":10,"column":21},"end":{"line":16,"column":2}}},"1":{"name":"(anonymous_1)","decl":{"start":{"line":18,"column":1},"end":{"line":18,"column":2}},"loc":{"start":{"line":18,"column":17},"end":{"line":21,"column":2}}},"2":{"name":"(anonymous_2)","decl":{"start":{"line":23,"column":1},"end":{"line":23,"column":2}},"loc":{"start":{"line":23,"column":11},"end":{"line":26,"column":2}}},"3":{"name":"(anonymous_3)","decl":{"start":{"line":34,"column":1},"end":{"line":34,"column":2}},"loc":{"start":{"line":34,"column":28},"end":{"line":37,"column":2}}},"4":{"name":"(anonymous_4)","decl":{"start":{"line":39,"column":1},"end":{"line":39,"column":2}},"loc":{"start":{"line":39,"column":17},"end":{"line":44,"column":2}}},"5":{"name":"(anonymous_5)","decl":{"start":{"line":40,"column":19},"end":{"line":40,"column":20}},"loc":{"start":{"line":40,"column":30},"end":{"line":43,"column":3}}},"6":{"name":"(anonymous_6)","decl":{"start":{"line":48,"column":1},"end":{"line":48,"column":2}},"loc":{"start":{"line":48,"column":12},"end":{"line":53,"column":2}}},"7":{"name":"(anonymous_7)","decl":{"start":{"line":55,"column":1},"end":{"line":55,"column":2}},"loc":{"start":{"line":55,"column":27},"end":{"line":58,"column":2}}},"8":{"name":"(anonymous_8)","decl":{"start":{"line":61,"column":1},"end":{"line":61,"column":2}},"loc":{"start":{"line":61,"column":17},"end":{"line":82,"column":2}}},"9":{"name":"(anonymous_9)","decl":{"start":{"line":76,"column":11},"end":{"line":76,"column":12}},"loc":{"start":{"line":76,"column":18},"end":{"line":78,"column":5}}}},"branchMap":{"0":{"loc":{"start":{"line":49,"column":2},"end":{"line":51,"column":3}},"type":"if","locations":[{"start":{"line":49,"column":2},"end":{"line":51,"column":3}},{"start":{"line":49,"column":2},"end":{"line":51,"column":3}}]},"1":{"loc":{"start":{"line":64,"column":2},"end":{"line":67,"column":3}},"type":"if","locations":[{"start":{"line":64,"column":2},"end":{"line":67,"column":3}},{"start":{"line":64,"column":2},"end":{"line":67,"column":3}}]},"2":{"loc":{"start":{"line":73,"column":2},"end":{"line":79,"column":3}},"type":"if","locations":[{"start":{"line":73,"column":2},"end":{"line":79,"column":3}},{"start":{"line":73,"column":2},"end":{"line":79,"column":3}}]}},"s":{"0":1,"1":1,"2":1,"3":1,"4":1,"5":36,"6":36,"7":36,"8":36,"9":0,"10":0,"11":0,"12":0,"13":3,"14":3,"15":32,"16":34,"17":34,"18":35,"19":1,"20":34,"21":33,"22":33,"23":21,"24":21,"25":1,"26":20,"27":20,"28":0,"29":0,"30":20},"f":{"0":36,"1":0,"2":0,"3":3,"4":32,"5":34,"6":35,"7":33,"8":21,"9":0},"b":{"0":[1,34],"1":[1,20],"2":[0,20]},"_coverageSchema":"332fd63041d2c1bcb487cc26dd0d5f7d97098a6c","hash":"4da382ebbf0ea914bec7ea097080f4c35a580f0f","contentHash":"eb4615ce56758875d701a57baf9f9d00_10.1.2"},"/Users/plati/github/Projects/durga-js/durga/lib/misc/protocol.js":{"path":"/Users/plati/github/Projects/durga-js/durga/lib/misc/protocol.js","statementMap":{"0":{"start":{"line":5,"column":14},"end":{"line":5,"column":37}},"1":{"start":{"line":9,"column":0},"end":{"line":42,"column":2}},"2":{"start":{"line":12,"column":2},"end":{"line":12,"column":22}},"3":{"start":{"line":13,"column":2},"end":{"line":13,"column":23}},"4":{"start":{"line":18,"column":2},"end":{"line":18,"column":49}},"5":{"start":{"line":18,"column":28},"end":{"line":18,"column":46}},"6":{"start":{"line":19,"column":2},"end":{"line":19,"column":17}},"7":{"start":{"line":23,"column":2},"end":{"line":25,"column":3}},"8":{"start":{"line":24,"column":3},"end":{"line":24,"column":59}},"9":{"start":{"line":26,"column":2},"end":{"line":26,"column":40}},"10":{"start":{"line":30,"column":2},"end":{"line":30,"column":25}},"11":{"start":{"line":31,"column":2},"end":{"line":31,"column":14}},"12":{"start":{"line":35,"column":2},"end":{"line":37,"column":3}},"13":{"start":{"line":36,"column":3},"end":{"line":36,"column":69}},"14":{"start":{"line":38,"column":2},"end":{"line":38,"column":35}},"15":{"start":{"line":39,"column":2},"end":{"line":39,"column":14}},"16":{"start":{"line":45,"column":0},"end":{"line":45,"column":45}}},"fnMap":{"0":{"name":"(anonymous_0)","decl":{"start":{"line":5,"column":1},"end":{"line":5,"column":2}},"loc":{"start":{"line":5,"column":12},"end":{"line":5,"column":39}}},"1":{"name":"(anonymous_1)","decl":{"start":{"line":11,"column":1},"end":{"line":11,"column":2}},"loc":{"start":{"line":11,"column":15},"end":{"line":14,"column":2}}},"2":{"name":"(anonymous_2)","decl":{"start":{"line":16,"column":1},"end":{"line":16,"column":2}},"loc":{"start":{"line":16,"column":14},"end":{"line":20,"column":2}}},"3":{"name":"(anonymous_3)","decl":{"start":{"line":18,"column":22},"end":{"line":18,"column":23}},"loc":{"start":{"line":18,"column":28},"end":{"line":18,"column":46}}},"4":{"name":"(anonymous_4)","decl":{"start":{"line":22,"column":1},"end":{"line":22,"column":2}},"loc":{"start":{"line":22,"column":24},"end":{"line":27,"column":2}}},"5":{"name":"(anonymous_5)","decl":{"start":{"line":29,"column":1},"end":{"line":29,"column":2}},"loc":{"start":{"line":29,"column":20},"end":{"line":32,"column":2}}},"6":{"name":"(anonymous_6)","decl":{"start":{"line":34,"column":1},"end":{"line":34,"column":2}},"loc":{"start":{"line":34,"column":34},"end":{"line":40,"column":2}}}},"branchMap":{"0":{"loc":{"start":{"line":23,"column":2},"end":{"line":25,"column":3}},"type":"if","locations":[{"start":{"line":23,"column":2},"end":{"line":25,"column":3}},{"start":{"line":23,"column":2},"end":{"line":25,"column":3}}]},"1":{"loc":{"start":{"line":35,"column":2},"end":{"line":37,"column":3}},"type":"if","locations":[{"start":{"line":35,"column":2},"end":{"line":37,"column":3}},{"start":{"line":35,"column":2},"end":{"line":37,"column":3}}]}},"s":{"0":0,"1":1,"2":142,"3":142,"4":36,"5":85,"6":36,"7":47,"8":1,"9":46,"10":451,"11":451,"12":931,"13":1,"14":930,"15":930,"16":1},"f":{"0":0,"1":142,"2":36,"3":85,"4":47,"5":451,"6":931},"b":{"0":[1,46],"1":[1,930]},"_coverageSchema":"332fd63041d2c1bcb487cc26dd0d5f7d97098a6c","hash":"6ecd23c211d88adea7d30d2b1ed64e9ff2aced93","contentHash":"09df9126cd1cbb9dd1904e238cb5d720_10.1.2"},"/Users/plati/github/Projects/durga-js/durga/lib/misc/errors.js":{"path":"/Users/plati/github/Projects/durga-js/durga/lib/misc/errors.js","statementMap":{"0":{"start":{"line":3,"column":11},"end":{"line":3,"column":24}},"1":{"start":{"line":6,"column":14},"end":{"line":6,"column":42}},"2":{"start":{"line":11,"column":0},"end":{"line":31,"column":2}},"3":{"start":{"line":15,"column":2},"end":{"line":18,"column":3}},"4":{"start":{"line":16,"column":16},"end":{"line":16,"column":20}},"5":{"start":{"line":17,"column":3},"end":{"line":17,"column":73}},"6":{"start":{"line":17,"column":43},"end":{"line":17,"column":71}},"7":{"start":{"line":20,"column":2},"end":{"line":22,"column":3}},"8":{"start":{"line":21,"column":3},"end":{"line":21,"column":67}},"9":{"start":{"line":24,"column":2},"end":{"line":28,"column":5}},"10":{"start":{"line":26,"column":4},"end":{"line":26,"column":22}}},"fnMap":{"0":{"name":"(anonymous_0)","decl":{"start":{"line":6,"column":1},"end":{"line":6,"column":2}},"loc":{"start":{"line":6,"column":12},"end":{"line":6,"column":44}}},"1":{"name":"(anonymous_1)","decl":{"start":{"line":13,"column":1},"end":{"line":13,"column":2}},"loc":{"start":{"line":13,"column":29},"end":{"line":29,"column":2}}},"2":{"name":"(anonymous_2)","decl":{"start":{"line":17,"column":38},"end":{"line":17,"column":39}},"loc":{"start":{"line":17,"column":43},"end":{"line":17,"column":71}}}},"branchMap":{"0":{"loc":{"start":{"line":15,"column":2},"end":{"line":18,"column":3}},"type":"if","locations":[{"start":{"line":15,"column":2},"end":{"line":18,"column":3}},{"start":{"line":15,"column":2},"end":{"line":18,"column":3}}]},"1":{"loc":{"start":{"line":20,"column":2},"end":{"line":22,"column":3}},"type":"if","locations":[{"start":{"line":20,"column":2},"end":{"line":22,"column":3}},{"start":{"line":20,"column":2},"end":{"line":22,"column":3}}]}},"s":{"0":1,"1":0,"2":1,"3":852,"4":284,"5":284,"6":568,"7":568,"8":0,"9":568,"10":19},"f":{"0":0,"1":852,"2":568},"b":{"0":[284,568],"1":[0,568]},"_coverageSchema":"332fd63041d2c1bcb487cc26dd0d5f7d97098a6c","hash":"64c323f83308f304f8506657fed2df04325e55b6","contentHash":"2a25375e2b098adc5de7f632829e6da7_10.1.2"},"/Users/plati/github/Projects/durga-js/durga/lib/plugins/events/server/index.js":{"path":"/Users/plati/github/Projects/durga-js/durga/lib/plugins/events/server/index.js","statementMap":{"0":{"start":{"line":3,"column":23},"end":{"line":3,"column":54}},"1":{"start":{"line":5,"column":0},"end":{"line":41,"column":2}},"2":{"start":{"line":7,"column":24},"end":{"line":7,"column":50}},"3":{"start":{"line":11,"column":1},"end":{"line":11,"column":44}},"4":{"start":{"line":14,"column":1},"end":{"line":37,"column":6}},"5":{"start":{"line":14,"column":50},"end":{"line":14,"column":67}},"6":{"start":{"line":18,"column":2},"end":{"line":20,"column":3}},"7":{"start":{"line":19,"column":3},"end":{"line":19,"column":54}},"8":{"start":{"line":24,"column":36},"end":{"line":24,"column":78}},"9":{"start":{"line":29,"column":3},"end":{"line":31,"column":4}},"10":{"start":{"line":30,"column":4},"end":{"line":30,"column":43}},"11":{"start":{"line":33,"column":54},"end":{"line":37,"column":3}}},"fnMap":{"0":{"name":"(anonymous_0)","decl":{"start":{"line":5,"column":17},"end":{"line":5,"column":18}},"loc":{"start":{"line":5,"column":43},"end":{"line":41,"column":1}}},"1":{"name":"(anonymous_1)","decl":{"start":{"line":14,"column":41},"end":{"line":14,"column":42}},"loc":{"start":{"line":14,"column":50},"end":{"line":14,"column":67}}},"2":{"name":"(anonymous_2)","decl":{"start":{"line":17,"column":24},"end":{"line":17,"column":25}},"loc":{"start":{"line":17,"column":33},"end":{"line":21,"column":2}}},"3":{"name":"(anonymous_3)","decl":{"start":{"line":24,"column":30},"end":{"line":24,"column":31}},"loc":{"start":{"line":24,"column":36},"end":{"line":24,"column":78}}},"4":{"name":"(anonymous_4)","decl":{"start":{"line":28,"column":19},"end":{"line":28,"column":20}},"loc":{"start":{"line":28,"column":28},"end":{"line":32,"column":3}}},"5":{"name":"(anonymous_5)","decl":{"start":{"line":33,"column":29},"end":{"line":33,"column":30}},"loc":{"start":{"line":33,"column":54},"end":{"line":37,"column":3}}}},"branchMap":{"0":{"loc":{"start":{"line":18,"column":2},"end":{"line":20,"column":3}},"type":"if","locations":[{"start":{"line":18,"column":2},"end":{"line":20,"column":3}},{"start":{"line":18,"column":2},"end":{"line":20,"column":3}}]},"1":{"loc":{"start":{"line":29,"column":3},"end":{"line":31,"column":4}},"type":"if","locations":[{"start":{"line":29,"column":3},"end":{"line":31,"column":4}},{"start":{"line":29,"column":3},"end":{"line":31,"column":4}}]},"2":{"loc":{"start":{"line":29,"column":6},"end":{"line":29,"column":43}},"type":"binary-expr","locations":[{"start":{"line":29,"column":6},"end":{"line":29,"column":28}},{"start":{"line":29,"column":32},"end":{"line":29,"column":43}}]}},"s":{"0":1,"1":1,"2":120,"3":120,"4":120,"5":3,"6":32,"7":3,"8":120,"9":22,"10":3,"11":1},"f":{"0":120,"1":3,"2":32,"3":120,"4":22,"5":1},"b":{"0":[3,29],"1":[3,19],"2":[22,3]},"_coverageSchema":"332fd63041d2c1bcb487cc26dd0d5f7d97098a6c","hash":"88d8de79fb12fddde86421992e4141dff15455c8","contentHash":"7722897c4fa5d1bebc76b3aa61266fa9_10.1.2"},"/Users/plati/github/Projects/durga-js/durga/lib/plugins/events/server/events-provider.js":{"path":"/Users/plati/github/Projects/durga-js/durga/lib/plugins/events/server/events-provider.js","statementMap":{"0":{"start":{"line":4,"column":13},"end":{"line":4,"column":28}},"1":{"start":{"line":5,"column":24},"end":{"line":5,"column":65}},"2":{"start":{"line":9,"column":14},"end":{"line":9,"column":43}},"3":{"start":{"line":12,"column":21},"end":{"line":12,"column":28}},"4":{"start":{"line":14,"column":0},"end":{"line":41,"column":2}},"5":{"start":{"line":18,"column":2},"end":{"line":21,"column":5}},"6":{"start":{"line":23,"column":2},"end":{"line":23,"column":23}},"7":{"start":{"line":28,"column":2},"end":{"line":37,"column":5}},"8":{"start":{"line":30,"column":3},"end":{"line":32,"column":4}},"9":{"start":{"line":31,"column":4},"end":{"line":31,"column":28}},"10":{"start":{"line":34,"column":3},"end":{"line":34,"column":39}}},"fnMap":{"0":{"name":"(anonymous_0)","decl":{"start":{"line":9,"column":1},"end":{"line":9,"column":2}},"loc":{"start":{"line":9,"column":12},"end":{"line":9,"column":45}}},"1":{"name":"(anonymous_1)","decl":{"start":{"line":16,"column":1},"end":{"line":16,"column":2}},"loc":{"start":{"line":16,"column":21},"end":{"line":24,"column":2}}},"2":{"name":"(anonymous_2)","decl":{"start":{"line":26,"column":1},"end":{"line":26,"column":2}},"loc":{"start":{"line":26,"column":24},"end":{"line":39,"column":2}}},"3":{"name":"(anonymous_3)","decl":{"start":{"line":28,"column":54},"end":{"line":28,"column":55}},"loc":{"start":{"line":28,"column":77},"end":{"line":37,"column":3}}}},"branchMap":{"0":{"loc":{"start":{"line":30,"column":3},"end":{"line":32,"column":4}},"type":"if","locations":[{"start":{"line":30,"column":3},"end":{"line":32,"column":4}},{"start":{"line":30,"column":3},"end":{"line":32,"column":4}}]}},"s":{"0":1,"1":1,"2":0,"3":1,"4":1,"5":120,"6":120,"7":3,"8":3,"9":0,"10":3},"f":{"0":0,"1":120,"2":3,"3":3},"b":{"0":[0,3]},"_coverageSchema":"332fd63041d2c1bcb487cc26dd0d5f7d97098a6c","hash":"77cdd433645898222ce1a9b66176ee607372a9e1","contentHash":"9600613d09de0e7dead31f2d537c2e90_10.1.2"},"/Users/plati/github/Projects/durga-js/durga/lib/plugins/methods/server/index.js":{"path":"/Users/plati/github/Projects/durga-js/durga/lib/plugins/methods/server/index.js","statementMap":{"0":{"start":{"line":3,"column":24},"end":{"line":3,"column":53}},"1":{"start":{"line":5,"column":15},"end":{"line":5,"column":35}},"2":{"start":{"line":8,"column":0},"end":{"line":61,"column":2}},"3":{"start":{"line":11,"column":15},"end":{"line":11,"column":42}},"4":{"start":{"line":15,"column":1},"end":{"line":15,"column":45}},"5":{"start":{"line":19,"column":1},"end":{"line":32,"column":66}},"6":{"start":{"line":19,"column":51},"end":{"line":19,"column":68}},"7":{"start":{"line":25,"column":2},"end":{"line":27,"column":3}},"8":{"start":{"line":26,"column":3},"end":{"line":26,"column":55}},"9":{"start":{"line":32,"column":37},"end":{"line":32,"column":65}},"10":{"start":{"line":35,"column":1},"end":{"line":36,"column":21}},"11":{"start":{"line":40,"column":1},"end":{"line":56,"column":5}},"12":{"start":{"line":42,"column":3},"end":{"line":48,"column":4}},"13":{"start":{"line":43,"column":4},"end":{"line":47,"column":5}},"14":{"start":{"line":44,"column":5},"end":{"line":44,"column":38}},"15":{"start":{"line":46,"column":5},"end":{"line":46,"column":46}},"16":{"start":{"line":50,"column":73},"end":{"line":56,"column":3}}},"fnMap":{"0":{"name":"(anonymous_0)","decl":{"start":{"line":8,"column":17},"end":{"line":8,"column":18}},"loc":{"start":{"line":8,"column":43},"end":{"line":61,"column":1}}},"1":{"name":"(anonymous_1)","decl":{"start":{"line":19,"column":42},"end":{"line":19,"column":43}},"loc":{"start":{"line":19,"column":51},"end":{"line":19,"column":68}}},"2":{"name":"(anonymous_2)","decl":{"start":{"line":23,"column":24},"end":{"line":23,"column":25}},"loc":{"start":{"line":23,"column":33},"end":{"line":29,"column":2}}},"3":{"name":"(anonymous_3)","decl":{"start":{"line":32,"column":31},"end":{"line":32,"column":32}},"loc":{"start":{"line":32,"column":37},"end":{"line":32,"column":65}}},"4":{"name":"(anonymous_4)","decl":{"start":{"line":41,"column":19},"end":{"line":41,"column":20}},"loc":{"start":{"line":41,"column":28},"end":{"line":49,"column":3}}},"5":{"name":"(anonymous_5)","decl":{"start":{"line":50,"column":35},"end":{"line":50,"column":36}},"loc":{"start":{"line":50,"column":73},"end":{"line":56,"column":3}}}},"branchMap":{"0":{"loc":{"start":{"line":25,"column":2},"end":{"line":27,"column":3}},"type":"if","locations":[{"start":{"line":25,"column":2},"end":{"line":27,"column":3}},{"start":{"line":25,"column":2},"end":{"line":27,"column":3}}]},"1":{"loc":{"start":{"line":42,"column":3},"end":{"line":48,"column":4}},"type":"if","locations":[{"start":{"line":42,"column":3},"end":{"line":48,"column":4}},{"start":{"line":42,"column":3},"end":{"line":48,"column":4}}]},"2":{"loc":{"start":{"line":42,"column":6},"end":{"line":42,"column":58}},"type":"binary-expr","locations":[{"start":{"line":42,"column":6},"end":{"line":42,"column":29}},{"start":{"line":42,"column":33},"end":{"line":42,"column":45}},{"start":{"line":42,"column":49},"end":{"line":42,"column":58}}]}},"s":{"0":1,"1":1,"2":1,"3":120,"4":120,"5":120,"6":25,"7":32,"8":25,"9":120,"10":120,"11":120,"12":19,"13":12,"14":12,"15":1,"16":24},"f":{"0":120,"1":25,"2":32,"3":120,"4":19,"5":24},"b":{"0":[25,7],"1":[12,7],"2":[19,12,12]},"_coverageSchema":"332fd63041d2c1bcb487cc26dd0d5f7d97098a6c","hash":"ee236550dd86e4358e5bce416fdf7e27f5e154f3","contentHash":"a9392e3f859e7f286e0ce8641468ec13_10.1.2"},"/Users/plati/github/Projects/durga-js/durga/lib/plugins/methods/server/methods-provider.js":{"path":"/Users/plati/github/Projects/durga-js/durga/lib/plugins/methods/server/methods-provider.js","statementMap":{"0":{"start":{"line":3,"column":24},"end":{"line":3,"column":65}},"1":{"start":{"line":6,"column":21},"end":{"line":6,"column":29}},"2":{"start":{"line":10,"column":14},"end":{"line":10,"column":44}},"3":{"start":{"line":17,"column":0},"end":{"line":87,"column":2}},"4":{"start":{"line":20,"column":2},"end":{"line":23,"column":5}},"5":{"start":{"line":25,"column":2},"end":{"line":25,"column":23}},"6":{"start":{"line":30,"column":2},"end":{"line":30,"column":58}},"7":{"start":{"line":30,"column":35},"end":{"line":30,"column":56}},"8":{"start":{"line":36,"column":2},"end":{"line":83,"column":5}},"9":{"start":{"line":39,"column":17},"end":{"line":56,"column":4}},"10":{"start":{"line":41,"column":12},"end":{"line":44,"column":5}},"11":{"start":{"line":46,"column":4},"end":{"line":51,"column":5}},"12":{"start":{"line":47,"column":5},"end":{"line":47,"column":82}},"13":{"start":{"line":50,"column":5},"end":{"line":50,"column":25}},"14":{"start":{"line":53,"column":4},"end":{"line":53,"column":42}},"15":{"start":{"line":55,"column":4},"end":{"line":55,"column":13}},"16":{"start":{"line":61,"column":3},"end":{"line":63,"column":4}},"17":{"start":{"line":62,"column":4},"end":{"line":62,"column":22}},"18":{"start":{"line":67,"column":3},"end":{"line":81,"column":5}},"19":{"start":{"line":68,"column":4},"end":{"line":68,"column":26}},"20":{"start":{"line":73,"column":11},"end":{"line":73,"column":21}},"21":{"start":{"line":77,"column":5},"end":{"line":77,"column":16}},"22":{"start":{"line":78,"column":5},"end":{"line":78,"column":15}},"23":{"start":{"line":89,"column":0},"end":{"line":89,"column":59}}},"fnMap":{"0":{"name":"(anonymous_0)","decl":{"start":{"line":10,"column":1},"end":{"line":10,"column":2}},"loc":{"start":{"line":10,"column":12},"end":{"line":10,"column":46}}},"1":{"name":"(anonymous_1)","decl":{"start":{"line":19,"column":1},"end":{"line":19,"column":2}},"loc":{"start":{"line":19,"column":21},"end":{"line":26,"column":2}}},"2":{"name":"(anonymous_2)","decl":{"start":{"line":29,"column":1},"end":{"line":29,"column":2}},"loc":{"start":{"line":29,"column":31},"end":{"line":31,"column":2}}},"3":{"name":"(anonymous_3)","decl":{"start":{"line":30,"column":29},"end":{"line":30,"column":30}},"loc":{"start":{"line":30,"column":35},"end":{"line":30,"column":56}}},"4":{"name":"(anonymous_4)","decl":{"start":{"line":34,"column":1},"end":{"line":34,"column":2}},"loc":{"start":{"line":34,"column":24},"end":{"line":85,"column":2}}},"5":{"name":"(anonymous_5)","decl":{"start":{"line":36,"column":54},"end":{"line":36,"column":55}},"loc":{"start":{"line":36,"column":77},"end":{"line":83,"column":3}}},"6":{"name":"(anonymous_6)","decl":{"start":{"line":39,"column":17},"end":{"line":39,"column":18}},"loc":{"start":{"line":39,"column":30},"end":{"line":56,"column":4}}},"7":{"name":"(anonymous_7)","decl":{"start":{"line":67,"column":22},"end":{"line":67,"column":23}},"loc":{"start":{"line":67,"column":43},"end":{"line":69,"column":4}}},"8":{"name":"(anonymous_8)","decl":{"start":{"line":73,"column":4},"end":{"line":73,"column":5}},"loc":{"start":{"line":73,"column":11},"end":{"line":73,"column":21}}},"9":{"name":"(anonymous_9)","decl":{"start":{"line":76,"column":4},"end":{"line":76,"column":5}},"loc":{"start":{"line":76,"column":11},"end":{"line":79,"column":5}}}},"branchMap":{"0":{"loc":{"start":{"line":46,"column":4},"end":{"line":51,"column":5}},"type":"if","locations":[{"start":{"line":46,"column":4},"end":{"line":51,"column":5}},{"start":{"line":46,"column":4},"end":{"line":51,"column":5}}]},"1":{"loc":{"start":{"line":61,"column":3},"end":{"line":63,"column":4}},"type":"if","locations":[{"start":{"line":61,"column":3},"end":{"line":63,"column":4}},{"start":{"line":61,"column":3},"end":{"line":63,"column":4}}]}},"s":{"0":1,"1":1,"2":1,"3":1,"4":125,"5":125,"6":1,"7":1,"8":62,"9":25,"10":24,"11":24,"12":3,"13":21,"14":24,"15":24,"16":25,"17":1,"18":24,"19":24,"20":21,"21":2,"22":2,"23":1},"f":{"0":1,"1":125,"2":1,"3":1,"4":62,"5":25,"6":24,"7":24,"8":21,"9":2},"b":{"0":[3,21],"1":[1,24]},"_coverageSchema":"332fd63041d2c1bcb487cc26dd0d5f7d97098a6c","hash":"9ede7e2849d7fc5915f17fdd21edd823473f1f4e","contentHash":"cc4d3c596c0c47c1a66eb7c8ee8e708f_10.1.2"},"/Users/plati/github/Projects/durga-js/durga/lib/plugins/methods/errors.js":{"path":"/Users/plati/github/Projects/durga-js/durga/lib/plugins/methods/errors.js","statementMap":{"0":{"start":{"line":7,"column":14},"end":{"line":7,"column":43}},"1":{"start":{"line":10,"column":2},"end":{"line":10,"column":42}},"2":{"start":{"line":15,"column":2},"end":{"line":17,"column":3}},"3":{"start":{"line":16,"column":3},"end":{"line":16,"column":56}},"4":{"start":{"line":19,"column":2},"end":{"line":19,"column":58}},"5":{"start":{"line":23,"column":2},"end":{"line":26,"column":3}},"6":{"start":{"line":34,"column":14},"end":{"line":34,"column":42}},"7":{"start":{"line":41,"column":0},"end":{"line":44,"column":2}}},"fnMap":{"0":{"name":"(anonymous_0)","decl":{"start":{"line":7,"column":1},"end":{"line":7,"column":2}},"loc":{"start":{"line":7,"column":12},"end":{"line":7,"column":45}}},"1":{"name":"(anonymous_1)","decl":{"start":{"line":9,"column":1},"end":{"line":9,"column":2}},"loc":{"start":{"line":9,"column":22},"end":{"line":11,"column":2}}},"2":{"name":"(anonymous_2)","decl":{"start":{"line":13,"column":1},"end":{"line":13,"column":2}},"loc":{"start":{"line":13,"column":23},"end":{"line":20,"column":2}}},"3":{"name":"(anonymous_3)","decl":{"start":{"line":22,"column":1},"end":{"line":22,"column":2}},"loc":{"start":{"line":22,"column":10},"end":{"line":27,"column":2}}},"4":{"name":"(anonymous_4)","decl":{"start":{"line":34,"column":1},"end":{"line":34,"column":2}},"loc":{"start":{"line":34,"column":12},"end":{"line":34,"column":44}}}},"branchMap":{"0":{"loc":{"start":{"line":15,"column":2},"end":{"line":17,"column":3}},"type":"if","locations":[{"start":{"line":15,"column":2},"end":{"line":17,"column":3}},{"start":{"line":15,"column":2},"end":{"line":17,"column":3}}]}},"s":{"0":1,"1":2,"2":3,"3":1,"4":2,"5":3,"6":1,"7":1},"f":{"0":1,"1":2,"2":3,"3":3,"4":1},"b":{"0":[1,2]},"_coverageSchema":"332fd63041d2c1bcb487cc26dd0d5f7d97098a6c","hash":"ad5778b5aedd2ed9855309fe18546d2a1cdc70b5","contentHash":"79e0661d1b93d386f7ac1677ec03a88f_10.1.2"},"/Users/plati/github/Projects/durga-js/durga/lib/plugins/topics/server/index.js":{"path":"/Users/plati/github/Projects/durga-js/durga/lib/plugins/topics/server/index.js","statementMap":{"0":{"start":{"line":3,"column":30},"end":{"line":3,"column":58}},"1":{"start":{"line":4,"column":14},"end":{"line":4,"column":32}},"2":{"start":{"line":7,"column":15},"end":{"line":7,"column":35}},"3":{"start":{"line":10,"column":0},"end":{"line":79,"column":2}},"4":{"start":{"line":13,"column":22},"end":{"line":13,"column":55}},"5":{"start":{"line":16,"column":28},"end":{"line":16,"column":30}},"6":{"start":{"line":20,"column":1},"end":{"line":20,"column":44}},"7":{"start":{"line":23,"column":1},"end":{"line":23,"column":69}},"8":{"start":{"line":23,"column":50},"end":{"line":23,"column":67}},"9":{"start":{"line":26,"column":1},"end":{"line":26,"column":86}},"10":{"start":{"line":26,"column":48},"end":{"line":26,"column":84}},"11":{"start":{"line":27,"column":1},"end":{"line":27,"column":85}},"12":{"start":{"line":27,"column":50},"end":{"line":27,"column":83}},"13":{"start":{"line":30,"column":1},"end":{"line":31,"column":21}},"14":{"start":{"line":34,"column":1},"end":{"line":34,"column":86}},"15":{"start":{"line":34,"column":42},"end":{"line":34,"column":84}},"16":{"start":{"line":37,"column":1},"end":{"line":67,"column":5}},"17":{"start":{"line":39,"column":3},"end":{"line":54,"column":4}},"18":{"start":{"line":40,"column":4},"end":{"line":44,"column":5}},"19":{"start":{"line":41,"column":5},"end":{"line":41,"column":44}},"20":{"start":{"line":43,"column":5},"end":{"line":43,"column":53}},"21":{"start":{"line":45,"column":10},"end":{"line":54,"column":4}},"22":{"start":{"line":47,"column":4},"end":{"line":52,"column":5}},"23":{"start":{"line":48,"column":19},"end":{"line":48,"column":44}},"24":{"start":{"line":50,"column":17},"end":{"line":50,"column":46}},"25":{"start":{"line":51,"column":5},"end":{"line":51,"column":28}},"26":{"start":{"line":56,"column":72},"end":{"line":62,"column":3}},"27":{"start":{"line":63,"column":59},"end":{"line":67,"column":3}},"28":{"start":{"line":71,"column":1},"end":{"line":77,"column":4}},"29":{"start":{"line":73,"column":2},"end":{"line":75,"column":3}},"30":{"start":{"line":74,"column":3},"end":{"line":74,"column":54}}},"fnMap":{"0":{"name":"(anonymous_0)","decl":{"start":{"line":10,"column":17},"end":{"line":10,"column":18}},"loc":{"start":{"line":10,"column":43},"end":{"line":79,"column":1}}},"1":{"name":"(anonymous_1)","decl":{"start":{"line":23,"column":41},"end":{"line":23,"column":42}},"loc":{"start":{"line":23,"column":50},"end":{"line":23,"column":67}}},"2":{"name":"(anonymous_2)","decl":{"start":{"line":26,"column":39},"end":{"line":26,"column":40}},"loc":{"start":{"line":26,"column":48},"end":{"line":26,"column":84}}},"3":{"name":"(anonymous_3)","decl":{"start":{"line":27,"column":41},"end":{"line":27,"column":42}},"loc":{"start":{"line":27,"column":50},"end":{"line":27,"column":83}}},"4":{"name":"(anonymous_4)","decl":{"start":{"line":34,"column":36},"end":{"line":34,"column":37}},"loc":{"start":{"line":34,"column":42},"end":{"line":34,"column":84}}},"5":{"name":"(anonymous_5)","decl":{"start":{"line":38,"column":19},"end":{"line":38,"column":20}},"loc":{"start":{"line":38,"column":28},"end":{"line":55,"column":3}}},"6":{"name":"(anonymous_6)","decl":{"start":{"line":47,"column":11},"end":{"line":47,"column":12}},"loc":{"start":{"line":47,"column":38},"end":{"line":52,"column":5}}},"7":{"name":"(anonymous_7)","decl":{"start":{"line":56,"column":35},"end":{"line":56,"column":36}},"loc":{"start":{"line":56,"column":72},"end":{"line":62,"column":3}}},"8":{"name":"(anonymous_8)","decl":{"start":{"line":63,"column":38},"end":{"line":63,"column":39}},"loc":{"start":{"line":63,"column":59},"end":{"line":67,"column":3}}},"9":{"name":"(anonymous_9)","decl":{"start":{"line":71,"column":30},"end":{"line":71,"column":31}},"loc":{"start":{"line":71,"column":39},"end":{"line":77,"column":2}}}},"branchMap":{"0":{"loc":{"start":{"line":39,"column":3},"end":{"line":54,"column":4}},"type":"if","locations":[{"start":{"line":39,"column":3},"end":{"line":54,"column":4}},{"start":{"line":39,"column":3},"end":{"line":54,"column":4}}]},"1":{"loc":{"start":{"line":39,"column":6},"end":{"line":39,"column":60}},"type":"binary-expr","locations":[{"start":{"line":39,"column":6},"end":{"line":39,"column":32}},{"start":{"line":39,"column":36},"end":{"line":39,"column":47}},{"start":{"line":39,"column":51},"end":{"line":39,"column":60}}]},"2":{"loc":{"start":{"line":45,"column":10},"end":{"line":54,"column":4}},"type":"if","locations":[{"start":{"line":45,"column":10},"end":{"line":54,"column":4}},{"start":{"line":45,"column":10},"end":{"line":54,"column":4}}]},"3":{"loc":{"start":{"line":45,"column":13},"end":{"line":45,"column":71}},"type":"binary-expr","locations":[{"start":{"line":45,"column":13},"end":{"line":45,"column":43}},{"start":{"line":45,"column":47},"end":{"line":45,"column":58}},{"start":{"line":45,"column":62},"end":{"line":45,"column":71}}]},"4":{"loc":{"start":{"line":73,"column":2},"end":{"line":75,"column":3}},"type":"if","locations":[{"start":{"line":73,"column":2},"end":{"line":75,"column":3}},{"start":{"line":73,"column":2},"end":{"line":75,"column":3}}]}},"s":{"0":1,"1":1,"2":1,"3":1,"4":120,"5":120,"6":120,"7":120,"8":3,"9":120,"10":3,"11":120,"12":3,"13":120,"14":120,"15":120,"16":120,"17":7,"18":3,"19":3,"20":0,"21":4,"22":2,"23":2,"24":2,"25":2,"26":3,"27":2,"28":120,"29":32,"30":3},"f":{"0":120,"1":3,"2":3,"3":3,"4":120,"5":7,"6":2,"7":3,"8":2,"9":32},"b":{"0":[3,4],"1":[7,3,3],"2":[2,2],"3":[4,2,2],"4":[3,29]},"_coverageSchema":"332fd63041d2c1bcb487cc26dd0d5f7d97098a6c","hash":"751bde65f4f6c3e371a3eaa9c5f876d4cf3df018","contentHash":"9410856ebfb0614e84fe4e720a4d71ff_10.1.2"},"/Users/plati/github/Projects/durga-js/durga/lib/plugins/topics/server/topics-provider.js":{"path":"/Users/plati/github/Projects/durga-js/durga/lib/plugins/topics/server/topics-provider.js","statementMap":{"0":{"start":{"line":3,"column":24},"end":{"line":3,"column":65}},"1":{"start":{"line":6,"column":21},"end":{"line":6,"column":28}},"2":{"start":{"line":10,"column":14},"end":{"line":10,"column":50}},"3":{"start":{"line":17,"column":0},"end":{"line":88,"column":2}},"4":{"start":{"line":20,"column":2},"end":{"line":23,"column":5}},"5":{"start":{"line":25,"column":2},"end":{"line":25,"column":23}},"6":{"start":{"line":30,"column":2},"end":{"line":30,"column":58}},"7":{"start":{"line":30,"column":35},"end":{"line":30,"column":56}},"8":{"start":{"line":36,"column":2},"end":{"line":84,"column":5}},"9":{"start":{"line":39,"column":17},"end":{"line":53,"column":4}},"10":{"start":{"line":41,"column":12},"end":{"line":44,"column":5}},"11":{"start":{"line":46,"column":4},"end":{"line":50,"column":5}},"12":{"start":{"line":47,"column":5},"end":{"line":47,"column":81}},"13":{"start":{"line":49,"column":5},"end":{"line":49,"column":25}},"14":{"start":{"line":52,"column":4},"end":{"line":52,"column":49}},"15":{"start":{"line":58,"column":3},"end":{"line":61,"column":4}},"16":{"start":{"line":60,"column":4},"end":{"line":60,"column":22}},"17":{"start":{"line":65,"column":3},"end":{"line":82,"column":5}},"18":{"start":{"line":66,"column":4},"end":{"line":66,"column":26}},"19":{"start":{"line":69,"column":4},"end":{"line":69,"column":40}},"20":{"start":{"line":74,"column":11},"end":{"line":74,"column":21}},"21":{"start":{"line":78,"column":5},"end":{"line":78,"column":16}},"22":{"start":{"line":79,"column":5},"end":{"line":79,"column":15}},"23":{"start":{"line":90,"column":0},"end":{"line":90,"column":71}}},"fnMap":{"0":{"name":"(anonymous_0)","decl":{"start":{"line":10,"column":1},"end":{"line":10,"column":2}},"loc":{"start":{"line":10,"column":12},"end":{"line":10,"column":52}}},"1":{"name":"(anonymous_1)","decl":{"start":{"line":19,"column":1},"end":{"line":19,"column":2}},"loc":{"start":{"line":19,"column":21},"end":{"line":26,"column":2}}},"2":{"name":"(anonymous_2)","decl":{"start":{"line":29,"column":1},"end":{"line":29,"column":2}},"loc":{"start":{"line":29,"column":31},"end":{"line":31,"column":2}}},"3":{"name":"(anonymous_3)","decl":{"start":{"line":30,"column":29},"end":{"line":30,"column":30}},"loc":{"start":{"line":30,"column":35},"end":{"line":30,"column":56}}},"4":{"name":"(anonymous_4)","decl":{"start":{"line":34,"column":1},"end":{"line":34,"column":2}},"loc":{"start":{"line":34,"column":24},"end":{"line":86,"column":2}}},"5":{"name":"(anonymous_5)","decl":{"start":{"line":36,"column":54},"end":{"line":36,"column":55}},"loc":{"start":{"line":36,"column":77},"end":{"line":84,"column":3}}},"6":{"name":"(anonymous_6)","decl":{"start":{"line":39,"column":17},"end":{"line":39,"column":18}},"loc":{"start":{"line":39,"column":30},"end":{"line":53,"column":4}}},"7":{"name":"(anonymous_7)","decl":{"start":{"line":65,"column":22},"end":{"line":65,"column":23}},"loc":{"start":{"line":65,"column":43},"end":{"line":67,"column":4}}},"8":{"name":"(anonymous_8)","decl":{"start":{"line":68,"column":9},"end":{"line":68,"column":10}},"loc":{"start":{"line":68,"column":15},"end":{"line":70,"column":4}}},"9":{"name":"(anonymous_9)","decl":{"start":{"line":74,"column":4},"end":{"line":74,"column":5}},"loc":{"start":{"line":74,"column":11},"end":{"line":74,"column":21}}},"10":{"name":"(anonymous_10)","decl":{"start":{"line":77,"column":4},"end":{"line":77,"column":5}},"loc":{"start":{"line":77,"column":11},"end":{"line":80,"column":5}}}},"branchMap":{"0":{"loc":{"start":{"line":46,"column":4},"end":{"line":50,"column":5}},"type":"if","locations":[{"start":{"line":46,"column":4},"end":{"line":50,"column":5}},{"start":{"line":46,"column":4},"end":{"line":50,"column":5}}]},"1":{"loc":{"start":{"line":58,"column":3},"end":{"line":61,"column":4}},"type":"if","locations":[{"start":{"line":58,"column":3},"end":{"line":61,"column":4}},{"start":{"line":58,"column":3},"end":{"line":61,"column":4}}]}},"s":{"0":1,"1":1,"2":0,"3":1,"4":120,"5":120,"6":0,"7":0,"8":3,"9":3,"10":3,"11":3,"12":0,"13":3,"14":3,"15":3,"16":0,"17":3,"18":3,"19":3,"20":3,"21":0,"22":0,"23":1},"f":{"0":0,"1":120,"2":0,"3":0,"4":3,"5":3,"6":3,"7":3,"8":3,"9":3,"10":0},"b":{"0":[0,3],"1":[0,3]},"_coverageSchema":"332fd63041d2c1bcb487cc26dd0d5f7d97098a6c","hash":"ed87540770c4a684457ac721cec72f924e6eaa3f","contentHash":"1d8826e0153da2ed81d939bfeb676b50_10.1.2"},"/Users/plati/github/Projects/durga-js/durga/lib/plugins/topics/server/topic.js":{"path":"/Users/plati/github/Projects/durga-js/durga/lib/plugins/topics/server/topic.js","statementMap":{"0":{"start":{"line":3,"column":14},"end":{"line":3,"column":44}},"1":{"start":{"line":4,"column":11},"end":{"line":4,"column":24}},"2":{"start":{"line":6,"column":0},"end":{"line":80,"column":1}},"3":{"start":{"line":10,"column":2},"end":{"line":10,"column":30}},"4":{"start":{"line":11,"column":2},"end":{"line":11,"column":17}},"5":{"start":{"line":12,"column":2},"end":{"line":12,"column":46}},"6":{"start":{"line":13,"column":2},"end":{"line":13,"column":27}},"7":{"start":{"line":14,"column":2},"end":{"line":14,"column":19}},"8":{"start":{"line":16,"column":2},"end":{"line":16,"column":28}},"9":{"start":{"line":17,"column":2},"end":{"line":17,"column":60}},"10":{"start":{"line":17,"column":44},"end":{"line":17,"column":58}},"11":{"start":{"line":26,"column":2},"end":{"line":35,"column":6}},"12":{"start":{"line":28,"column":4},"end":{"line":28,"column":30}},"13":{"start":{"line":31,"column":4},"end":{"line":34,"column":6}},"14":{"start":{"line":47,"column":2},"end":{"line":47,"column":44}},"15":{"start":{"line":48,"column":2},"end":{"line":48,"column":14}},"16":{"start":{"line":54,"column":2},"end":{"line":66,"column":3}},"17":{"start":{"line":56,"column":3},"end":{"line":56,"column":69}},"18":{"start":{"line":56,"column":31},"end":{"line":56,"column":68}},"19":{"start":{"line":56,"column":54},"end":{"line":56,"column":67}},"20":{"start":{"line":58,"column":9},"end":{"line":66,"column":3}},"21":{"start":{"line":60,"column":13},"end":{"line":60,"column":61}},"22":{"start":{"line":60,"column":44},"end":{"line":60,"column":60}},"23":{"start":{"line":62,"column":3},"end":{"line":64,"column":6}},"24":{"start":{"line":63,"column":4},"end":{"line":63,"column":18}},"25":{"start":{"line":76,"column":2},"end":{"line":77,"column":43}},"26":{"start":{"line":77,"column":16},"end":{"line":77,"column":41}}},"fnMap":{"0":{"name":"(anonymous_0)","decl":{"start":{"line":8,"column":1},"end":{"line":8,"column":2}},"loc":{"start":{"line":8,"column":24},"end":{"line":18,"column":2}}},"1":{"name":"(anonymous_1)","decl":{"start":{"line":17,"column":38},"end":{"line":17,"column":39}},"loc":{"start":{"line":17,"column":44},"end":{"line":17,"column":58}}},"2":{"name":"(anonymous_2)","decl":{"start":{"line":25,"column":1},"end":{"line":25,"column":2}},"loc":{"start":{"line":25,"column":11},"end":{"line":36,"column":2}}},"3":{"name":"(anonymous_3)","decl":{"start":{"line":27,"column":9},"end":{"line":27,"column":10}},"loc":{"start":{"line":27,"column":15},"end":{"line":29,"column":4}}},"4":{"name":"(anonymous_4)","decl":{"start":{"line":30,"column":9},"end":{"line":30,"column":10}},"loc":{"start":{"line":30,"column":15},"end":{"line":35,"column":4}}},"5":{"name":"(anonymous_5)","decl":{"start":{"line":46,"column":1},"end":{"line":46,"column":2}},"loc":{"start":{"line":46,"column":28},"end":{"line":49,"column":2}}},"6":{"name":"(anonymous_6)","decl":{"start":{"line":52,"column":1},"end":{"line":52,"column":2}},"loc":{"start":{"line":52,"column":21},"end":{"line":68,"column":2}}},"7":{"name":"(anonymous_7)","decl":{"start":{"line":56,"column":22},"end":{"line":56,"column":23}},"loc":{"start":{"line":56,"column":31},"end":{"line":56,"column":68}}},"8":{"name":"(anonymous_8)","decl":{"start":{"line":56,"column":47},"end":{"line":56,"column":48}},"loc":{"start":{"line":56,"column":54},"end":{"line":56,"column":67}}},"9":{"name":"(anonymous_9)","decl":{"start":{"line":60,"column":34},"end":{"line":60,"column":35}},"loc":{"start":{"line":60,"column":44},"end":{"line":60,"column":60}}},"10":{"name":"(anonymous_10)","decl":{"start":{"line":62,"column":24},"end":{"line":62,"column":25}},"loc":{"start":{"line":62,"column":33},"end":{"line":64,"column":4}}},"11":{"name":"(anonymous_11)","decl":{"start":{"line":75,"column":1},"end":{"line":75,"column":2}},"loc":{"start":{"line":75,"column":20},"end":{"line":78,"column":2}}},"12":{"name":"(anonymous_12)","decl":{"start":{"line":77,"column":8},"end":{"line":77,"column":9}},"loc":{"start":{"line":77,"column":16},"end":{"line":77,"column":41}}}},"branchMap":{"0":{"loc":{"start":{"line":54,"column":2},"end":{"line":66,"column":3}},"type":"if","locations":[{"start":{"line":54,"column":2},"end":{"line":66,"column":3}},{"start":{"line":54,"column":2},"end":{"line":66,"column":3}}]},"1":{"loc":{"start":{"line":58,"column":9},"end":{"line":66,"column":3}},"type":"if","locations":[{"start":{"line":58,"column":9},"end":{"line":66,"column":3}},{"start":{"line":58,"column":9},"end":{"line":66,"column":3}}]}},"s":{"0":1,"1":1,"2":1,"3":3,"4":3,"5":3,"6":3,"7":3,"8":3,"9":3,"10":0,"11":2,"12":2,"13":2,"14":3,"15":3,"16":2,"17":1,"18":1,"19":1,"20":1,"21":1,"22":3,"23":1,"24":1,"25":3,"26":3},"f":{"0":3,"1":0,"2":2,"3":2,"4":2,"5":3,"6":2,"7":1,"8":1,"9":3,"10":1,"11":3,"12":3},"b":{"0":[1,1],"1":[1,0]},"_coverageSchema":"332fd63041d2c1bcb487cc26dd0d5f7d97098a6c","hash":"eb97a9cee921e6082ddcd9ab0ccae22f82673310","contentHash":"f69340b4083a6efacad5e60d624e350a_10.1.2"},"/Users/plati/github/Projects/durga-js/durga/lib/plugins/topics/errors.js":{"path":"/Users/plati/github/Projects/durga-js/durga/lib/plugins/topics/errors.js","statementMap":{"0":{"start":{"line":7,"column":14},"end":{"line":7,"column":42}},"1":{"start":{"line":10,"column":2},"end":{"line":10,"column":41}},"2":{"start":{"line":15,"column":2},"end":{"line":17,"column":3}},"3":{"start":{"line":16,"column":3},"end":{"line":16,"column":55}},"4":{"start":{"line":19,"column":2},"end":{"line":19,"column":57}},"5":{"start":{"line":23,"column":2},"end":{"line":26,"column":3}},"6":{"start":{"line":34,"column":14},"end":{"line":34,"column":41}},"7":{"start":{"line":41,"column":0},"end":{"line":44,"column":2}}},"fnMap":{"0":{"name":"(anonymous_0)","decl":{"start":{"line":7,"column":1},"end":{"line":7,"column":2}},"loc":{"start":{"line":7,"column":12},"end":{"line":7,"column":44}}},"1":{"name":"(anonymous_1)","decl":{"start":{"line":9,"column":1},"end":{"line":9,"column":2}},"loc":{"start":{"line":9,"column":22},"end":{"line":11,"column":2}}},"2":{"name":"(anonymous_2)","decl":{"start":{"line":13,"column":1},"end":{"line":13,"column":2}},"loc":{"start":{"line":13,"column":23},"end":{"line":20,"column":2}}},"3":{"name":"(anonymous_3)","decl":{"start":{"line":22,"column":1},"end":{"line":22,"column":2}},"loc":{"start":{"line":22,"column":10},"end":{"line":27,"column":2}}},"4":{"name":"(anonymous_4)","decl":{"start":{"line":34,"column":1},"end":{"line":34,"column":2}},"loc":{"start":{"line":34,"column":12},"end":{"line":34,"column":43}}}},"branchMap":{"0":{"loc":{"start":{"line":15,"column":2},"end":{"line":17,"column":3}},"type":"if","locations":[{"start":{"line":15,"column":2},"end":{"line":17,"column":3}},{"start":{"line":15,"column":2},"end":{"line":17,"column":3}}]}},"s":{"0":0,"1":0,"2":0,"3":0,"4":0,"5":0,"6":0,"7":1},"f":{"0":0,"1":0,"2":0,"3":0,"4":0},"b":{"0":[0,0]},"_coverageSchema":"332fd63041d2c1bcb487cc26dd0d5f7d97098a6c","hash":"5751c54fc1c7ece088e3418d72f64a3873e03bf1","contentHash":"a3d88c1cce8146c687c2940c5ced6ffe_10.1.2"},"/Users/plati/github/Projects/durga-js/durga/lib/plugins/collections/server/index.js":{"path":"/Users/plati/github/Projects/durga-js/durga/lib/plugins/collections/server/index.js","statementMap":{"0":{"start":{"line":4,"column":33},"end":{"line":4,"column":60}},"1":{"start":{"line":5,"column":28},"end":{"line":5,"column":61}},"2":{"start":{"line":8,"column":0},"end":{"line":83,"column":2}},"3":{"start":{"line":12,"column":23},"end":{"line":12,"column":53}},"4":{"start":{"line":13,"column":29},"end":{"line":13,"column":75}},"5":{"start":{"line":17,"column":1},"end":{"line":81,"column":7}},"6":{"start":{"line":18,"column":42},"end":{"line":18,"column":94}},"7":{"start":{"line":20,"column":47},"end":{"line":20,"column":87}},"8":{"start":{"line":24,"column":3},"end":{"line":42,"column":5}},"9":{"start":{"line":25,"column":15},"end":{"line":25,"column":47}},"10":{"start":{"line":27,"column":4},"end":{"line":41,"column":5}},"11":{"start":{"line":29,"column":6},"end":{"line":29,"column":64}},"12":{"start":{"line":29,"column":41},"end":{"line":29,"column":60}},"13":{"start":{"line":32,"column":6},"end":{"line":39,"column":10}},"14":{"start":{"line":32,"column":44},"end":{"line":39,"column":7}},"15":{"start":{"line":33,"column":7},"end":{"line":38,"column":10}},"16":{"start":{"line":47,"column":3},"end":{"line":49,"column":5}},"17":{"start":{"line":48,"column":4},"end":{"line":48,"column":44}},"18":{"start":{"line":54,"column":3},"end":{"line":56,"column":5}},"19":{"start":{"line":61,"column":73},"end":{"line":67,"column":4}},"20":{"start":{"line":68,"column":83},"end":{"line":75,"column":4}},"21":{"start":{"line":76,"column":70},"end":{"line":81,"column":4}}},"fnMap":{"0":{"name":"CollectionsServerPlugin","decl":{"start":{"line":8,"column":26},"end":{"line":8,"column":49}},"loc":{"start":{"line":8,"column":67},"end":{"line":83,"column":1}}},"1":{"name":"(anonymous_1)","decl":{"start":{"line":18,"column":36},"end":{"line":18,"column":37}},"loc":{"start":{"line":18,"column":42},"end":{"line":18,"column":94}}},"2":{"name":"(anonymous_2)","decl":{"start":{"line":20,"column":41},"end":{"line":20,"column":42}},"loc":{"start":{"line":20,"column":47},"end":{"line":20,"column":87}}},"3":{"name":"(anonymous_3)","decl":{"start":{"line":22,"column":39},"end":{"line":22,"column":40}},"loc":{"start":{"line":22,"column":61},"end":{"line":44,"column":3}}},"4":{"name":"collectionInstanceGetter","decl":{"start":{"line":24,"column":19},"end":{"line":24,"column":43}},"loc":{"start":{"line":24,"column":50},"end":{"line":42,"column":4}}},"5":{"name":"(anonymous_5)","decl":{"start":{"line":29,"column":33},"end":{"line":29,"column":34}},"loc":{"start":{"line":29,"column":41},"end":{"line":29,"column":60}}},"6":{"name":"(anonymous_6)","decl":{"start":{"line":32,"column":39},"end":{"line":32,"column":40}},"loc":{"start":{"line":32,"column":44},"end":{"line":39,"column":7}}},"7":{"name":"(anonymous_7)","decl":{"start":{"line":32,"column":44},"end":{"line":32,"column":45}},"loc":{"start":{"line":32,"column":53},"end":{"line":39,"column":7}}},"8":{"name":"(anonymous_8)","decl":{"start":{"line":45,"column":40},"end":{"line":45,"column":41}},"loc":{"start":{"line":45,"column":54},"end":{"line":51,"column":3}}},"9":{"name":"collectionInstanceGetter","decl":{"start":{"line":47,"column":19},"end":{"line":47,"column":43}},"loc":{"start":{"line":47,"column":50},"end":{"line":49,"column":4}}},"10":{"name":"(anonymous_10)","decl":{"start":{"line":52,"column":39},"end":{"line":52,"column":40}},"loc":{"start":{"line":52,"column":53},"end":{"line":58,"column":3}}},"11":{"name":"collectionInstanceGetter","decl":{"start":{"line":54,"column":19},"end":{"line":54,"column":43}},"loc":{"start":{"line":54,"column":50},"end":{"line":56,"column":4}}},"12":{"name":"(anonymous_12)","decl":{"start":{"line":61,"column":41},"end":{"line":61,"column":42}},"loc":{"start":{"line":61,"column":73},"end":{"line":67,"column":4}}},"13":{"name":"(anonymous_13)","decl":{"start":{"line":68,"column":43},"end":{"line":68,"column":44}},"loc":{"start":{"line":68,"column":83},"end":{"line":75,"column":4}}},"14":{"name":"(anonymous_14)","decl":{"start":{"line":76,"column":45},"end":{"line":76,"column":46}},"loc":{"start":{"line":76,"column":70},"end":{"line":81,"column":4}}}},"branchMap":{},"s":{"0":1,"1":1,"2":1,"3":120,"4":120,"5":120,"6":120,"7":120,"8":3,"9":2,"10":2,"11":1,"12":1,"13":1,"14":3,"15":3,"16":25,"17":16,"18":3,"19":1,"20":1,"21":1},"f":{"0":120,"1":120,"2":120,"3":3,"4":2,"5":1,"6":3,"7":3,"8":25,"9":16,"10":3,"11":0,"12":1,"13":1,"14":1},"b":{},"_coverageSchema":"332fd63041d2c1bcb487cc26dd0d5f7d97098a6c","hash":"70331f1e660990278332dae05a195cfa2aefc230","contentHash":"49c9cf7a2b580bdbdb8bc57460147137_10.1.2"},"/Users/plati/github/Projects/durga-js/durga/lib/plugins/collections/server/proxy-provider.js":{"path":"/Users/plati/github/Projects/durga-js/durga/lib/plugins/collections/server/proxy-provider.js","statementMap":{"0":{"start":{"line":4,"column":24},"end":{"line":4,"column":42}},"1":{"start":{"line":7,"column":14},"end":{"line":7,"column":53}},"2":{"start":{"line":13,"column":0},"end":{"line":49,"column":2}},"3":{"start":{"line":16,"column":2},"end":{"line":16,"column":21}},"4":{"start":{"line":22,"column":2},"end":{"line":41,"column":3}},"5":{"start":{"line":25,"column":3},"end":{"line":29,"column":4}},"6":{"start":{"line":26,"column":4},"end":{"line":26,"column":31}},"7":{"start":{"line":28,"column":4},"end":{"line":28,"column":74}},"8":{"start":{"line":35,"column":3},"end":{"line":37,"column":4}},"9":{"start":{"line":36,"column":4},"end":{"line":36,"column":80}},"10":{"start":{"line":39,"column":3},"end":{"line":39,"column":73}},"11":{"start":{"line":46,"column":2},"end":{"line":46,"column":43}},"12":{"start":{"line":52,"column":0},"end":{"line":52,"column":77}}},"fnMap":{"0":{"name":"(anonymous_0)","decl":{"start":{"line":7,"column":1},"end":{"line":7,"column":2}},"loc":{"start":{"line":7,"column":12},"end":{"line":7,"column":55}}},"1":{"name":"(anonymous_1)","decl":{"start":{"line":15,"column":1},"end":{"line":15,"column":2}},"loc":{"start":{"line":15,"column":15},"end":{"line":17,"column":2}}},"2":{"name":"(anonymous_2)","decl":{"start":{"line":19,"column":1},"end":{"line":19,"column":2}},"loc":{"start":{"line":19,"column":22},"end":{"line":43,"column":2}}},"3":{"name":"(anonymous_3)","decl":{"start":{"line":45,"column":1},"end":{"line":45,"column":2}},"loc":{"start":{"line":45,"column":35},"end":{"line":47,"column":2}}}},"branchMap":{"0":{"loc":{"start":{"line":22,"column":2},"end":{"line":41,"column":3}},"type":"if","locations":[{"start":{"line":22,"column":2},"end":{"line":41,"column":3}},{"start":{"line":22,"column":2},"end":{"line":41,"column":3}}]},"1":{"loc":{"start":{"line":25,"column":3},"end":{"line":29,"column":4}},"type":"if","locations":[{"start":{"line":25,"column":3},"end":{"line":29,"column":4}},{"start":{"line":25,"column":3},"end":{"line":29,"column":4}}]},"2":{"loc":{"start":{"line":35,"column":3},"end":{"line":37,"column":4}},"type":"if","locations":[{"start":{"line":35,"column":3},"end":{"line":37,"column":4}},{"start":{"line":35,"column":3},"end":{"line":37,"column":4}}]}},"s":{"0":1,"1":1,"2":1,"3":120,"4":83,"5":9,"6":8,"7":1,"8":74,"9":1,"10":73,"11":73,"12":1},"f":{"0":1,"1":120,"2":83,"3":73},"b":{"0":[9,74],"1":[8,1],"2":[1,73]},"_coverageSchema":"332fd63041d2c1bcb487cc26dd0d5f7d97098a6c","hash":"3a0c111041cd208c00117deaf8d682d5cb9ddbe7","contentHash":"e84506e94208c64eaa76d00bca6d9a0e_10.1.2"},"/Users/plati/github/Projects/durga-js/durga/lib/plugins/collections/server/proxy.js":{"path":"/Users/plati/github/Projects/durga-js/durga/lib/plugins/collections/server/proxy.js","statementMap":{"0":{"start":{"line":3,"column":11},"end":{"line":3,"column":24}},"1":{"start":{"line":4,"column":11},"end":{"line":4,"column":24}},"2":{"start":{"line":7,"column":14},"end":{"line":7,"column":44}},"3":{"start":{"line":12,"column":1},"end":{"line":12,"column":98}},"4":{"start":{"line":15,"column":0},"end":{"line":92,"column":2}},"5":{"start":{"line":18,"column":2},"end":{"line":18,"column":19}},"6":{"start":{"line":20,"column":2},"end":{"line":20,"column":23}},"7":{"start":{"line":24,"column":2},"end":{"line":26,"column":3}},"8":{"start":{"line":25,"column":3},"end":{"line":25,"column":53}},"9":{"start":{"line":28,"column":2},"end":{"line":28,"column":68}},"10":{"start":{"line":28,"column":32},"end":{"line":28,"column":66}},"11":{"start":{"line":32,"column":2},"end":{"line":34,"column":3}},"12":{"start":{"line":33,"column":3},"end":{"line":33,"column":55}},"13":{"start":{"line":36,"column":2},"end":{"line":36,"column":69}},"14":{"start":{"line":36,"column":32},"end":{"line":36,"column":67}},"15":{"start":{"line":41,"column":2},"end":{"line":43,"column":3}},"16":{"start":{"line":42,"column":3},"end":{"line":42,"column":58}},"17":{"start":{"line":45,"column":2},"end":{"line":45,"column":72}},"18":{"start":{"line":45,"column":32},"end":{"line":45,"column":70}},"19":{"start":{"line":50,"column":2},"end":{"line":52,"column":3}},"20":{"start":{"line":51,"column":3},"end":{"line":51,"column":62}},"21":{"start":{"line":55,"column":24},"end":{"line":66,"column":10}},"22":{"start":{"line":57,"column":14},"end":{"line":61,"column":4}},"23":{"start":{"line":58,"column":26},"end":{"line":58,"column":71}},"24":{"start":{"line":59,"column":36},"end":{"line":59,"column":91}},"25":{"start":{"line":60,"column":23},"end":{"line":60,"column":65}},"26":{"start":{"line":63,"column":3},"end":{"line":63,"column":50}},"27":{"start":{"line":68,"column":2},"end":{"line":68,"column":25}},"28":{"start":{"line":72,"column":2},"end":{"line":74,"column":3}},"29":{"start":{"line":73,"column":3},"end":{"line":73,"column":56}},"30":{"start":{"line":75,"column":2},"end":{"line":75,"column":70}},"31":{"start":{"line":75,"column":32},"end":{"line":75,"column":68}},"32":{"start":{"line":79,"column":2},"end":{"line":81,"column":3}},"33":{"start":{"line":80,"column":3},"end":{"line":80,"column":56}},"34":{"start":{"line":82,"column":2},"end":{"line":82,"column":75}},"35":{"start":{"line":82,"column":32},"end":{"line":82,"column":73}},"36":{"start":{"line":86,"column":2},"end":{"line":88,"column":3}},"37":{"start":{"line":87,"column":3},"end":{"line":87,"column":57}},"38":{"start":{"line":89,"column":2},"end":{"line":89,"column":71}},"39":{"start":{"line":89,"column":32},"end":{"line":89,"column":69}},"40":{"start":{"line":96,"column":0},"end":{"line":96,"column":59}}},"fnMap":{"0":{"name":"(anonymous_0)","decl":{"start":{"line":7,"column":1},"end":{"line":7,"column":2}},"loc":{"start":{"line":7,"column":12},"end":{"line":7,"column":46}}},"1":{"name":"createNotImplementedError","decl":{"start":{"line":11,"column":9},"end":{"line":11,"column":34}},"loc":{"start":{"line":11,"column":49},"end":{"line":13,"column":1}}},"2":{"name":"(anonymous_2)","decl":{"start":{"line":17,"column":1},"end":{"line":17,"column":2}},"loc":{"start":{"line":17,"column":27},"end":{"line":21,"column":2}}},"3":{"name":"(anonymous_3)","decl":{"start":{"line":23,"column":1},"end":{"line":23,"column":2}},"loc":{"start":{"line":23,"column":15},"end":{"line":29,"column":2}}},"4":{"name":"(anonymous_4)","decl":{"start":{"line":28,"column":21},"end":{"line":28,"column":22}},"loc":{"start":{"line":28,"column":32},"end":{"line":28,"column":66}}},"5":{"name":"(anonymous_5)","decl":{"start":{"line":31,"column":1},"end":{"line":31,"column":2}},"loc":{"start":{"line":31,"column":16},"end":{"line":37,"column":2}}},"6":{"name":"(anonymous_6)","decl":{"start":{"line":36,"column":21},"end":{"line":36,"column":22}},"loc":{"start":{"line":36,"column":32},"end":{"line":36,"column":67}}},"7":{"name":"(anonymous_7)","decl":{"start":{"line":39,"column":1},"end":{"line":39,"column":2}},"loc":{"start":{"line":39,"column":19},"end":{"line":46,"column":2}}},"8":{"name":"(anonymous_8)","decl":{"start":{"line":45,"column":21},"end":{"line":45,"column":22}},"loc":{"start":{"line":45,"column":32},"end":{"line":45,"column":70}}},"9":{"name":"(anonymous_9)","decl":{"start":{"line":48,"column":1},"end":{"line":48,"column":2}},"loc":{"start":{"line":48,"column":29},"end":{"line":69,"column":2}}},"10":{"name":"(anonymous_10)","decl":{"start":{"line":55,"column":45},"end":{"line":55,"column":46}},"loc":{"start":{"line":55,"column":59},"end":{"line":65,"column":3}}},"11":{"name":"(anonymous_11)","decl":{"start":{"line":58,"column":11},"end":{"line":58,"column":12}},"loc":{"start":{"line":58,"column":26},"end":{"line":58,"column":71}}},"12":{"name":"(anonymous_12)","decl":{"start":{"line":59,"column":13},"end":{"line":59,"column":14}},"loc":{"start":{"line":59,"column":36},"end":{"line":59,"column":91}}},"13":{"name":"(anonymous_13)","decl":{"start":{"line":60,"column":15},"end":{"line":60,"column":16}},"loc":{"start":{"line":60,"column":23},"end":{"line":60,"column":65}}},"14":{"name":"(anonymous_14)","decl":{"start":{"line":71,"column":1},"end":{"line":71,"column":2}},"loc":{"start":{"line":71,"column":17},"end":{"line":76,"column":2}}},"15":{"name":"(anonymous_15)","decl":{"start":{"line":75,"column":21},"end":{"line":75,"column":22}},"loc":{"start":{"line":75,"column":32},"end":{"line":75,"column":68}}},"16":{"name":"(anonymous_16)","decl":{"start":{"line":78,"column":1},"end":{"line":78,"column":2}},"loc":{"start":{"line":78,"column":33},"end":{"line":83,"column":2}}},"17":{"name":"(anonymous_17)","decl":{"start":{"line":82,"column":21},"end":{"line":82,"column":22}},"loc":{"start":{"line":82,"column":32},"end":{"line":82,"column":73}}},"18":{"name":"(anonymous_18)","decl":{"start":{"line":85,"column":1},"end":{"line":85,"column":2}},"loc":{"start":{"line":85,"column":18},"end":{"line":90,"column":2}}},"19":{"name":"(anonymous_19)","decl":{"start":{"line":89,"column":21},"end":{"line":89,"column":22}},"loc":{"start":{"line":89,"column":32},"end":{"line":89,"column":69}}}},"branchMap":{"0":{"loc":{"start":{"line":24,"column":2},"end":{"line":26,"column":3}},"type":"if","locations":[{"start":{"line":24,"column":2},"end":{"line":26,"column":3}},{"start":{"line":24,"column":2},"end":{"line":26,"column":3}}]},"1":{"loc":{"start":{"line":32,"column":2},"end":{"line":34,"column":3}},"type":"if","locations":[{"start":{"line":32,"column":2},"end":{"line":34,"column":3}},{"start":{"line":32,"column":2},"end":{"line":34,"column":3}}]},"2":{"loc":{"start":{"line":41,"column":2},"end":{"line":43,"column":3}},"type":"if","locations":[{"start":{"line":41,"column":2},"end":{"line":43,"column":3}},{"start":{"line":41,"column":2},"end":{"line":43,"column":3}}]},"3":{"loc":{"start":{"line":50,"column":2},"end":{"line":52,"column":3}},"type":"if","locations":[{"start":{"line":50,"column":2},"end":{"line":52,"column":3}},{"start":{"line":50,"column":2},"end":{"line":52,"column":3}}]},"4":{"loc":{"start":{"line":72,"column":2},"end":{"line":74,"column":3}},"type":"if","locations":[{"start":{"line":72,"column":2},"end":{"line":74,"column":3}},{"start":{"line":72,"column":2},
[...]
:32,"column":3},"end":{"line":34,"column":4}}]},"1":{"loc":{"start":{"line":32,"column":6},"end":{"line":32,"column":58}},"type":"binary-expr","locations":[{"start":{"line":32,"column":6},"end":{"line":32,"column":29}},{"start":{"line":32,"column":33},"end":{"line":32,"column":45}},{"start":{"line":32,"column":49},"end":{"line":32,"column":58}}]}},"s":{"0":1,"1":1,"2":1,"3":1,"4":1,"5":22,"6":22,"7":22,"8":22,"9":13,"10":8,"11":8,"12":9,"13":22,"14":22},"f":{"0":22,"1":13,"2":8,"3":9,"4":22},"b":{"0":[8,5],"1":[13,8,8]},"_coverageSchema":"332fd63041d2c1bcb487cc26dd0d5f7d97098a6c","hash":"deeeb5a15b6262d350ce9ef9fcc7dc61b73ff6ae","contentHash":"392b20fb2f6486230500004938be7c67_10.1.2"},"/Users/plati/github/Projects/durga-js/durga/lib/plugins/methods/client/exec.js":{"path":"/Users/plati/github/Projects/durga-js/durga/lib/plugins/methods/client/exec.js","statementMap":{"0":{"start":{"line":3,"column":13},"end":{"line":3,"column":31}},"1":{"start":{"line":5,"column":0},"end":{"line":55,"column":1}},"2":{"start":{"line":7,"column":1},"end":{"line":53,"column":3}},"3":{"start":{"line":10,"column":24},"end":{"line":12,"column":3}},"4":{"start":{"line":15,"column":2},"end":{"line":15,"column":52}},"5":{"start":{"line":18,"column":12},"end":{"line":18,"column":18}},"6":{"start":{"line":21,"column":2},"end":{"line":21,"column":48}},"7":{"start":{"line":26,"column":2},"end":{"line":51,"column":6}},"8":{"start":{"line":29,"column":16},"end":{"line":29,"column":29}},"9":{"start":{"line":44,"column":4},"end":{"line":47,"column":5}},"10":{"start":{"line":45,"column":15},"end":{"line":45,"column":66}},"11":{"start":{"line":46,"column":5},"end":{"line":46,"column":32}},"12":{"start":{"line":50,"column":4},"end":{"line":50,"column":23}}},"fnMap":{"0":{"name":"(anonymous_0)","decl":{"start":{"line":5,"column":17},"end":{"line":5,"column":18}},"loc":{"start":{"line":5,"column":52},"end":{"line":55,"column":1}}},"1":{"name":"execServerMethod","decl":{"start":{"line":7,"column":17},"end":{"line":7,"column":33}},"loc":{"start":{"line":7,"column":60},"end":{"line":53,"column":2}}},"2":{"name":"(anonymous_2)","decl":{"start":{"line":29,"column":11},"end":{"line":29,"column":12}},"loc":{"start":{"line":29,"column":16},"end":{"line":29,"column":29}}},"3":{"name":"(anonymous_3)","decl":{"start":{"line":41,"column":9},"end":{"line":41,"column":10}},"loc":{"start":{"line":41,"column":16},"end":{"line":51,"column":4}}}},"branchMap":{"0":{"loc":{"start":{"line":44,"column":4},"end":{"line":47,"column":5}},"type":"if","locations":[{"start":{"line":44,"column":4},"end":{"line":47,"column":5}},{"start":{"line":44,"column":4},"end":{"line":47,"column":5}}]}},"s":{"0":1,"1":1,"2":22,"3":9,"4":9,"5":9,"6":9,"7":9,"8":8,"9":8,"10":2,"11":2,"12":6},"f":{"0":22,"1":9,"2":8,"3":8},"b":{"0":[2,6]},"_coverageSchema":"332fd63041d2c1bcb487cc26dd0d5f7d97098a6c","hash":"08936555b3f46ec5bbf10e5966db30a24a6a7f0b","contentHash":"5db0df62927345b3f3f668fc9c7f25ab_10.1.2"},"/Users/plati/github/Projects/durga-js/durga/lib/plugins/topics/client/index.js":{"path":"/Users/plati/github/Projects/durga-js/durga/lib/plugins/topics/client/index.js","statementMap":{"0":{"start":{"line":3,"column":11},"end":{"line":3,"column":24}},"1":{"start":{"line":4,"column":15},"end":{"line":4,"column":35}},"2":{"start":{"line":5,"column":35},"end":{"line":5,"column":52}},"3":{"start":{"line":9,"column":23},"end":{"line":11,"column":1}},"4":{"start":{"line":14,"column":0},"end":{"line":55,"column":2}},"5":{"start":{"line":17,"column":1},"end":{"line":17,"column":66}},"6":{"start":{"line":21,"column":19},"end":{"line":21,"column":35}},"7":{"start":{"line":25,"column":1},"end":{"line":26,"column":21}},"8":{"start":{"line":30,"column":1},"end":{"line":48,"column":6}},"9":{"start":{"line":32,"column":3},"end":{"line":36,"column":4}},"10":{"start":{"line":33,"column":4},"end":{"line":33,"column":41}},"11":{"start":{"line":33,"column":17},"end":{"line":33,"column":40}},"12":{"start":{"line":34,"column":10},"end":{"line":36,"column":4}},"13":{"start":{"line":35,"column":4},"end":{"line":35,"column":41}},"14":{"start":{"line":35,"column":17},"end":{"line":35,"column":40}},"15":{"start":{"line":38,"column":63},"end":{"line":43,"column":3}},"16":{"start":{"line":44,"column":58},"end":{"line":48,"column":3}},"17":{"start":{"line":52,"column":1},"end":{"line":52,"column":100}},"18":{"start":{"line":52,"column":46},"end":{"line":52,"column":98}}},"fnMap":{"0":{"name":"TopicsClientPlugin","decl":{"start":{"line":14,"column":26},"end":{"line":14,"column":44}},"loc":{"start":{"line":14,"column":68},"end":{"line":55,"column":1}}},"1":{"name":"(anonymous_1)","decl":{"start":{"line":31,"column":19},"end":{"line":31,"column":20}},"loc":{"start":{"line":31,"column":28},"end":{"line":37,"column":3}}},"2":{"name":"(anonymous_2)","decl":{"start":{"line":33,"column":11},"end":{"line":33,"column":12}},"loc":{"start":{"line":33,"column":17},"end":{"line":33,"column":40}}},"3":{"name":"(anonymous_3)","decl":{"start":{"line":35,"column":11},"end":{"line":35,"column":12}},"loc":{"start":{"line":35,"column":17},"end":{"line":35,"column":40}}},"4":{"name":"(anonymous_4)","decl":{"start":{"line":38,"column":33},"end":{"line":38,"column":34}},"loc":{"start":{"line":38,"column":63},"end":{"line":43,"column":3}}},"5":{"name":"(anonymous_5)","decl":{"start":{"line":44,"column":37},"end":{"line":44,"column":38}},"loc":{"start":{"line":44,"column":58},"end":{"line":48,"column":3}}},"6":{"name":"(anonymous_6)","decl":{"start":{"line":52,"column":40},"end":{"line":52,"column":41}},"loc":{"start":{"line":52,"column":46},"end":{"line":52,"column":98}}}},"branchMap":{"0":{"loc":{"start":{"line":32,"column":3},"end":{"line":36,"column":4}},"type":"if","locations":[{"start":{"line":32,"column":3},"end":{"line":36,"column":4}},{"start":{"line":32,"column":3},"end":{"line":36,"column":4}}]},"1":{"loc":{"start":{"line":32,"column":6},"end":{"line":32,"column":62}},"type":"binary-expr","locations":[{"start":{"line":32,"column":6},"end":{"line":32,"column":34}},{"start":{"line":32,"column":38},"end":{"line":32,"column":49}},{"start":{"line":32,"column":53},"end":{"line":32,"column":62}}]},"2":{"loc":{"start":{"line":34,"column":10},"end":{"line":36,"column":4}},"type":"if","locations":[{"start":{"line":34,"column":10},"end":{"line":36,"column":4}},{"start":{"line":34,"column":10},"end":{"line":36,"column":4}}]},"3":{"loc":{"start":{"line":34,"column":13},"end":{"line":34,"column":72}},"type":"binary-expr","locations":[{"start":{"line":34,"column":13},"end":{"line":34,"column":44}},{"start":{"line":34,"column":48},"end":{"line":34,"column":59}},{"start":{"line":34,"column":63},"end":{"line":34,"column":72}}]}},"s":{"0":1,"1":1,"2":1,"3":1,"4":1,"5":22,"6":22,"7":22,"8":22,"9":5,"10":1,"11":1,"12":4,"13":1,"14":1,"15":1,"16":1,"17":22,"18":22},"f":{"0":22,"1":5,"2":1,"3":1,"4":1,"5":1,"6":22},"b":{"0":[1,4],"1":[5,1,1],"2":[1,3],"3":[4,1,1]},"_coverageSchema":"332fd63041d2c1bcb487cc26dd0d5f7d97098a6c","hash":"8bda64d83dac52ce90034e48e6ea5a562cd24aae","contentHash":"93781155a3e7e4168fa6b3601ae08025_10.1.2"},"/Users/plati/github/Projects/durga-js/durga/lib/plugins/topics/client/exec.js":{"path":"/Users/plati/github/Projects/durga-js/durga/lib/plugins/topics/client/exec.js","statementMap":{"0":{"start":{"line":3,"column":13},"end":{"line":3,"column":31}},"1":{"start":{"line":5,"column":0},"end":{"line":102,"column":1}},"2":{"start":{"line":7,"column":13},"end":{"line":8,"column":40}},"3":{"start":{"line":8,"column":15},"end":{"line":8,"column":39}},"4":{"start":{"line":11,"column":16},"end":{"line":12,"column":43}},"5":{"start":{"line":12,"column":15},"end":{"line":12,"column":42}},"6":{"start":{"line":15,"column":1},"end":{"line":100,"column":3}},"7":{"start":{"line":18,"column":24},"end":{"line":20,"column":3}},"8":{"start":{"line":23,"column":2},"end":{"line":23,"column":52}},"9":{"start":{"line":26,"column":12},"end":{"line":26,"column":18}},"10":{"start":{"line":30,"column":22},"end":{"line":44,"column":3}},"11":{"start":{"line":31,"column":3},"end":{"line":43,"column":17}},"12":{"start":{"line":34,"column":17},"end":{"line":34,"column":30}},"13":{"start":{"line":49,"column":2},"end":{"line":49,"column":50}},"14":{"start":{"line":54,"column":2},"end":{"line":71,"column":6}},"15":{"start":{"line":60,"column":4},"end":{"line":67,"column":5}},"16":{"start":{"line":61,"column":15},"end":{"line":61,"column":65}},"17":{"start":{"line":62,"column":5},"end":{"line":64,"column":6}},"18":{"start":{"line":63,"column":6},"end":{"line":63,"column":16}},"19":{"start":{"line":65,"column":5},"end":{"line":65,"column":13}},"20":{"start":{"line":66,"column":5},"end":{"line":66,"column":11}},"21":{"start":{"line":69,"column":4},"end":{"line":69,"column":26}},"22":{"start":{"line":76,"column":15},"end":{"line":76,"column":19}},"23":{"start":{"line":78,"column":2},"end":{"line":98,"column":5}},"24":{"start":{"line":80,"column":4},"end":{"line":80,"column":49}},"25":{"start":{"line":82,"column":4},"end":{"line":95,"column":8}},"26":{"start":{"line":88,"column":6},"end":{"line":91,"column":7}},"27":{"start":{"line":89,"column":17},"end":{"line":89,"column":69}},"28":{"start":{"line":90,"column":7},"end":{"line":90,"column":34}},"29":{"start":{"line":93,"column":6},"end":{"line":93,"column":17}}},"fnMap":{"0":{"name":"(anonymous_0)","decl":{"start":{"line":5,"column":17},"end":{"line":5,"column":18}},"loc":{"start":{"line":5,"column":52},"end":{"line":102,"column":1}}},"1":{"name":"(anonymous_1)","decl":{"start":{"line":8,"column":10},"end":{"line":8,"column":11}},"loc":{"start":{"line":8,"column":15},"end":{"line":8,"column":39}}},"2":{"name":"(anonymous_2)","decl":{"start":{"line":12,"column":10},"end":{"line":12,"column":11}},"loc":{"start":{"line":12,"column":15},"end":{"line":12,"column":42}}},"3":{"name":"subscribeServerTopic","decl":{"start":{"line":15,"column":17},"end":{"line":15,"column":37}},"loc":{"start":{"line":15,"column":67},"end":{"line":100,"column":2}}},"4":{"name":"(anonymous_4)","decl":{"start":{"line":30,"column":22},"end":{"line":30,"column":23}},"loc":{"start":{"line":30,"column":59},"end":{"line":44,"column":3}}},"5":{"name":"(anonymous_5)","decl":{"start":{"line":34,"column":12},"end":{"line":34,"column":13}},"loc":{"start":{"line":34,"column":17},"end":{"line":34,"column":30}}},"6":{"name":"(anonymous_6)","decl":{"start":{"line":57,"column":9},"end":{"line":57,"column":10}},"loc":{"start":{"line":57,"column":16},"end":{"line":71,"column":4}}},"7":{"name":"(anonymous_7)","decl":{"start":{"line":79,"column":3},"end":{"line":79,"column":4}},"loc":{"start":{"line":79,"column":13},"end":{"line":97,"column":4}}},"8":{"name":"(anonymous_8)","decl":{"start":{"line":85,"column":11},"end":{"line":85,"column":12}},"loc":{"start":{"line":85,"column":18},"end":{"line":95,"column":6}}}},"branchMap":{"0":{"loc":{"start":{"line":60,"column":4},"end":{"line":67,"column":5}},"type":"if","locations":[{"start":{"line":60,"column":4},"end":{"line":67,"column":5}},{"start":{"line":60,"column":4},"end":{"line":67,"column":5}}]},"1":{"loc":{"start":{"line":62,"column":5},"end":{"line":64,"column":6}},"type":"if","locations":[{"start":{"line":62,"column":5},"end":{"line":64,"column":6}},{"start":{"line":62,"column":5},"end":{"line":64,"column":6}}]},"2":{"loc":{"start":{"line":88,"column":6},"end":{"line":91,"column":7}},"type":"if","locations":[{"start":{"line":88,"column":6},"end":{"line":91,"column":7}},{"start":{"line":88,"column":6},"end":{"line":91,"column":7}}]}},"s":{"0":1,"1":1,"2":22,"3":1,"4":22,"5":1,"6":22,"7":1,"8":1,"9":1,"10":1,"11":2,"12":2,"13":1,"14":1,"15":1,"16":0,"17":0,"18":0,"19":0,"20":0,"21":1,"22":1,"23":1,"24":1,"25":1,"26":1,"27":0,"28":0,"29":1},"f":{"0":22,"1":1,"2":1,"3":1,"4":2,"5":2,"6":1,"7":1,"8":1},"b":{"0":[0,1],"1":[0,0],"2":[0,1]},"_coverageSchema":"332fd63041d2c1bcb487cc26dd0d5f7d97098a6c","hash":"5658524cf2ecfc4b21949dc4a51d602cbbdbed9f","contentHash":"01d158d63715626b432cf5a37e1a6afc_10.1.2"},"/Users/plati/github/Projects/durga-js/durga/lib/plugins/collections/client/index.js":{"path":"/Users/plati/github/Projects/durga-js/durga/lib/plugins/collections/client/index.js","statementMap":{"0":{"start":{"line":3,"column":11},"end":{"line":3,"column":24}},"1":{"start":{"line":6,"column":27},"end":{"line":6,"column":60}},"2":{"start":{"line":9,"column":0},"end":{"line":25,"column":2}},"3":{"start":{"line":11,"column":25},"end":{"line":11,"column":41}},"4":{"start":{"line":13,"column":19},"end":{"line":13,"column":68}},"5":{"start":{"line":15,"column":1},"end":{"line":15,"column":82}},"6":{"start":{"line":15,"column":47},"end":{"line":15,"column":80}},"7":{"start":{"line":18,"column":1},"end":{"line":23,"column":5}},"8":{"start":{"line":20,"column":3},"end":{"line":22,"column":4}},"9":{"start":{"line":21,"column":4},"end":{"line":21,"column":49}},"10":{"start":{"line":21,"column":17},"end":{"line":21,"column":48}}},"fnMap":{"0":{"name":"CollectionsClientPlugin","decl":{"start":{"line":9,"column":26},"end":{"line":9,"column":49}},"loc":{"start":{"line":9,"column":67},"end":{"line":25,"column":1}}},"1":{"name":"(anonymous_1)","decl":{"start":{"line":15,"column":41},"end":{"line":15,"column":42}},"loc":{"start":{"line":15,"column":47},"end":{"line":15,"column":80}}},"2":{"name":"(anonymous_2)","decl":{"start":{"line":19,"column":19},"end":{"line":19,"column":20}},"loc":{"start":{"line":19,"column":28},"end":{"line":23,"column":3}}},"3":{"name":"(anonymous_3)","decl":{"start":{"line":21,"column":11},"end":{"line":21,"column":12}},"loc":{"start":{"line":21,"column":17},"end":{"line":21,"column":48}}}},"branchMap":{"0":{"loc":{"start":{"line":20,"column":3},"end":{"line":22,"column":4}},"type":"if","locations":[{"start":{"line":20,"column":3},"end":{"line":22,"column":4}},{"start":{"line":20,"column":3},"end":{"line":22,"column":4}}]},"1":{"loc":{"start":{"line":20,"column":6},"end":{"line":20,"column":53}},"type":"binary-expr","locations":[{"start":{"line":20,"column":6},"end":{"line":20,"column":33}},{"start":{"line":20,"column":37},"end":{"line":20,"column":53}}]}},"s":{"0":1,"1":1,"2":1,"3":22,"4":22,"5":22,"6":22,"7":22,"8":3,"9":3,"10":3},"f":{"0":22,"1":22,"2":3,"3":3},"b":{"0":[3,0],"1":[3,3]},"_coverageSchema":"332fd63041d2c1bcb487cc26dd0d5f7d97098a6c","hash":"624903f079ef54e75ce5536e75f2eb2830a18d04","contentHash":"5f85d796dd6b97f0771aeac234a0957d_10.1.2"},"/Users/plati/github/Projects/durga-js/durga/lib/plugins/collections/client/collections-provider.js":{"path":"/Users/plati/github/Projects/durga-js/durga/lib/plugins/collections/client/collections-provider.js","statementMap":{"0":{"start":{"line":3,"column":28},"end":{"line":3,"column":51}},"1":{"start":{"line":6,"column":0},"end":{"line":31,"column":2}},"2":{"start":{"line":9,"column":2},"end":{"line":9,"column":23}},"3":{"start":{"line":10,"column":2},"end":{"line":10,"column":31}},"4":{"start":{"line":12,"column":2},"end":{"line":12,"column":25}},"5":{"start":{"line":17,"column":2},"end":{"line":23,"column":3}},"6":{"start":{"line":18,"column":3},"end":{"line":18,"column":34}},"7":{"start":{"line":21,"column":3},"end":{"line":21,"column":65}},"8":{"start":{"line":28,"column":2},"end":{"line":28,"column":69}}},"fnMap":{"0":{"name":"(anonymous_0)","decl":{"start":{"line":8,"column":1},"end":{"line":8,"column":2}},"loc":{"start":{"line":8,"column":33},"end":{"line":13,"column":2}}},"1":{"name":"(anonymous_1)","decl":{"start":{"line":15,"column":1},"end":{"line":15,"column":2}},"loc":{"start":{"line":15,"column":11},"end":{"line":25,"column":2}}},"2":{"name":"(anonymous_2)","decl":{"start":{"line":27,"column":1},"end":{"line":27,"column":2}},"loc":{"start":{"line":27,"column":23},"end":{"line":29,"column":2}}}},"branchMap":{"0":{"loc":{"start":{"line":17,"column":2},"end":{"line":23,"column":3}},"type":"if","locations":[{"start":{"line":17,"column":2},"end":{"line":23,"column":3}},{"start":{"line":17,"column":2},"end":{"line":23,"column":3}}]}},"s":{"0":1,"1":1,"2":22,"3":22,"4":22,"5":5,"6":0,"7":5,"8":5},"f":{"0":22,"1":5,"2":5},"b":{"0":[0,5]},"_coverageSchema":"332fd63041d2c1bcb487cc26dd0d5f7d97098a6c","hash":"199b7079d28ea2edde0b8214577a38564b7a8b22","contentHash":"9d88cc1bc500507b0ef89f6b9292d4cc_10.1.2"},"/Users/plati/github/Projects/durga-js/durga/lib/plugins/collections/client/collection.js":{"path":"/Users/plati/github/Projects/durga-js/durga/lib/plugins/collections/client/collection.js","statementMap":{"0":{"start":{"line":4,"column":0},"end":{"line":49,"column":2}},"1":{"start":{"line":6,"column":2},"end":{"line":6,"column":19}},"2":{"start":{"line":7,"column":2},"end":{"line":7,"column":23}},"3":{"start":{"line":8,"column":2},"end":{"line":8,"column":71}},"4":{"start":{"line":8,"column":43},"end":{"line":8,"column":69}},"5":{"start":{"line":12,"column":2},"end":{"line":12,"column":37}},"6":{"start":{"line":16,"column":2},"end":{"line":16,"column":34}},"7":{"start":{"line":20,"column":2},"end":{"line":20,"column":36}},"8":{"start":{"line":24,"column":2},"end":{"line":28,"column":5}},"9":{"start":{"line":32,"column":2},"end":{"line":32,"column":38}},"10":{"start":{"line":36,"column":2},"end":{"line":43,"column":28}},"11":{"start":{"line":37,"column":14},"end":{"line":42,"column":4}},"12":{"start":{"line":47,"column":2},"end":{"line":47,"column":64}}},"fnMap":{"0":{"name":"(anonymous_0)","decl":{"start":{"line":5,"column":1},"end":{"line":5,"column":2}},"loc":{"start":{"line":5,"column":39},"end":{"line":9,"column":2}}},"1":{"name":"(anonymous_1)","decl":{"start":{"line":8,"column":38},"end":{"line":8,"column":39}},"loc":{"start":{"line":8,"column":43},"end":{"line":8,"column":69}}},"2":{"name":"(anonymous_2)","decl":{"start":{"line":11,"column":1},"end":{"line":11,"column":2}},"loc":{"start":{"line":11,"column":23},"end":{"line":13,"column":2}}},"3":{"name":"(anonymous_3)","decl":{"start":{"line":15,"column":1},"end":{"line":15,"column":2}},"loc":{"start":{"line":15,"column":9},"end":{"line":17,"column":2}}},"4":{"name":"(anonymous_4)","decl":{"start":{"line":19,"column":1},"end":{"line":19,"column":2}},"loc":{"start":{"line":19,"column":15},"end":{"line":21,"column":2}}},"5":{"name":"(anonymous_5)","decl":{"start":{"line":23,"column":1},"end":{"line":23,"column":2}},"loc":{"start":{"line":23,"column":27},"end":{"line":29,"column":2}}},"6":{"name":"(anonymous_6)","decl":{"start":{"line":31,"column":1},"end":{"line":31,"column":2}},"loc":{"start":{"line":31,"column":13},"end":{"line":33,"column":2}}},"7":{"name":"(anonymous_7)","decl":{"start":{"line":35,"column":1},"end":{"line":35,"column":2}},"loc":{"start":{"line":35,"column":21},"end":{"line":44,"column":2}}},"8":{"name":"(anonymous_8)","decl":{"start":{"line":37,"column":8},"end":{"line":37,"column":9}},"loc":{"start":{"line":37,"column":14},"end":{"line":42,"column":4}}},"9":{"name":"(anonymous_9)","decl":{"start":{"line":46,"column":1},"end":{"line":46,"column":2}},"loc":{"start":{"line":46,"column":23},"end":{"line":48,"column":2}}}},"branchMap":{},"s":{"0":1,"1":5,"2":5,"3":5,"4":3,"5":4,"6":1,"7":1,"8":1,"9":1,"10":0,"11":0,"12":4},"f":{"0":5,"1":3,"2":4,"3":1,"4":1,"5":1,"6":1,"7":0,"8":0,"9":4},"b":{},"_coverageSchema":"332fd63041d2c1bcb487cc26dd0d5f7d97098a6c","hash":"2c22b96b659627eca69c31529c15b5903bcdaa2a","contentHash":"0e48b96233541ae58c0800499f2594aa_10.1.2"},"/Users/plati/github/Projects/durga-js/durga/lib/plugins/rooms/client/index.js":{"path":"/Users/plati/github/Projects/durga-js/durga/lib/plugins/rooms/client/index.js","statementMap":{"0":{"start":{"line":3,"column":0},"end":{"line":5,"column":2}}},"fnMap":{"0":{"name":"RoomsClientPlugin","decl":{"start":{"line":3,"column":26},"end":{"line":3,"column":43}},"loc":{"start":{"line":3,"column":61},"end":{"line":5,"column":1}}}},"branchMap":{},"s":{"0":1},"f":{"0":22},"b":{},"_coverageSchema":"332fd63041d2c1bcb487cc26dd0d5f7d97098a6c","hash":"1470f08969c335aa8b92ad2cbba2aa8858928358","contentHash":"fa6c62be2c19bfc0a0ab8557c477b1cb_10.1.2"}}